\BOOKMARK [0][-]{chapter.1}{\376\377\000A\000p\000r\000e\000s\000e\000n\000t\000a\000\347\000\343\000o}{}% 1
\BOOKMARK [1][-]{section.1.1}{\376\377\000U\000m\000a\000\040\000p\000e\000r\000g\000u\000n\000t\000a\000\040\000s\000i\000m\000p\000l\000e\000s\000.}{chapter.1}% 2
\BOOKMARK [0][-]{chapter.2}{\376\377\0001\000\272\000\040\000A\000n\000o\000:\000\040\000o\000\040\000B\000e\000-\000A\000-\000B\000\341}{}% 3
\BOOKMARK [1][-]{section.2.1}{\376\377\0001\000\272\000\040\000A\000n\000o\000\040\000-\000\040\000M\000\352\000s\000\040\0001\000\040\000-\000\040\000A\000u\000l\000a\000-\0001}{chapter.2}% 4
\BOOKMARK [1][-]{section.2.2}{\376\377\0001\000\272\000\040\000A\000n\000o\000\040\000-\000\040\000M\000\352\000s\000\040\0001\000\040\000-\000\040\000A\000u\000l\000a\000-\0002}{chapter.2}% 5
\BOOKMARK [1][-]{section.2.3}{\376\377\0001\000\272\000\040\000A\000n\000o\000\040\000-\000\040\000M\000\352\000s\000\040\0001\000\040\000-\000\040\000A\000u\000l\000a\000-\0003}{chapter.2}% 6
\BOOKMARK [1][-]{section.2.4}{\376\377\0001\000\272\000\040\000A\000n\000o\000\040\000-\000\040\000M\000\352\000s\000\040\0001\000\040\000-\000\040\000A\000u\000l\000a\000-\0004}{chapter.2}% 7
\BOOKMARK [1][-]{section.2.5}{\376\377\0001\000\272\000\040\000A\000n\000o\000\040\000-\000\040\000M\000\352\000s\000\040\0001\000\040\000-\000\040\000A\000u\000l\000a\000-\0005}{chapter.2}% 8
\BOOKMARK [1][-]{section.2.6}{\376\377\0001\000\272\000\040\000A\000n\000o\000\040\000-\000\040\000M\000\352\000s\000\040\0001\000\040\000-\000\040\000A\000u\000l\000a\000-\0006}{chapter.2}% 9
\BOOKMARK [1][-]{section.2.7}{\376\377\0001\000\272\000\040\000A\000n\000o\000\040\000-\000\040\000M\000\352\000s\000\040\0002\000\040\000-\000\040\000A\000u\000l\000a\000-\0003}{chapter.2}% 10
\BOOKMARK [1][-]{section.2.8}{\376\377\0001\000\272\000\040\000A\000n\000o\000\040\000-\000\040\000M\000\352\000s\000\040\0002\000\040\000-\000\040\000A\000u\000l\000a\000-\0004}{chapter.2}% 11
\BOOKMARK [1][-]{section.2.9}{\376\377\0001\000\272\000\040\000A\000n\000o\000\040\000-\000\040\000M\000\352\000s\000\040\0003\000\040\000-\000\040\000A\000u\000l\000a\000-\0001}{chapter.2}% 12
\BOOKMARK [1][-]{section.2.10}{\376\377\0001\000\272\000\040\000A\000n\000o\000\040\000-\000\040\000M\000\352\000s\000\040\0003\000\040\000-\000\040\000A\000u\000l\000a\000-\0002}{chapter.2}% 13
\BOOKMARK [1][-]{section.2.11}{\376\377\0001\000\272\000\040\000A\000n\000o\000\040\000-\000\040\000M\000\352\000s\000\040\0003\000\040\000-\000\040\000A\000u\000l\000a\000-\0003}{chapter.2}% 14
\BOOKMARK [1][-]{section.2.12}{\376\377\0001\000\272\000\040\000A\000n\000o\000\040\000-\000\040\000M\000\352\000s\000\040\0003\000\040\000-\000\040\000A\000u\000l\000a\000-\0004}{chapter.2}% 15
\BOOKMARK [1][-]{section.2.13}{\376\377\0001\000\272\000\040\000A\000n\000o\000\040\000-\000\040\000M\000\352\000s\000\040\0004\000\040\000-\000\040\000A\000u\000l\000a\000-\0001}{chapter.2}% 16
\BOOKMARK [1][-]{section.2.14}{\376\377\0001\000\272\000\040\000A\000n\000o\000\040\000-\000\040\000M\000\352\000s\000\040\0004\000\040\000-\000\040\000A\000u\000l\000a\000-\0002}{chapter.2}% 17
\BOOKMARK [1][-]{section.2.15}{\376\377\0001\000\272\000\040\000A\000n\000o\000\040\000-\000\040\000M\000\352\000s\000\040\0004\000\040\000-\000\040\000A\000u\000l\000a\000-\0003}{chapter.2}% 18
\BOOKMARK [1][-]{section.2.16}{\376\377\0001\000\272\000\040\000A\000n\000o\000\040\000-\000\040\000M\000\352\000s\000\040\0004\000\040\000-\000\040\000A\000u\000l\000a\000-\0004}{chapter.2}% 19
\BOOKMARK [1][-]{section.2.17}{\376\377\0001\000\272\000\040\000A\000n\000o\000\040\000-\000\040\000M\000\352\000s\000\040\0005\000\040\000-\000\040\000A\000u\000l\000a\000-\0001}{chapter.2}% 20
\BOOKMARK [1][-]{section.2.18}{\376\377\0001\000\272\000\040\000A\000n\000o\000\040\000-\000\040\000M\000\352\000s\000\040\0005\000\040\000-\000\040\000A\000u\000l\000a\000-\0002}{chapter.2}% 21
\BOOKMARK [1][-]{section.2.19}{\376\377\0001\000\272\000\040\000A\000n\000o\000\040\000-\000\040\000M\000\352\000s\000\040\0005\000\040\000-\000\040\000A\000u\000l\000a\000-\0003}{chapter.2}% 22
\BOOKMARK [1][-]{section.2.20}{\376\377\0001\000\272\000\040\000A\000n\000o\000\040\000-\000\040\000M\000\352\000s\000\040\0005\000\040\000-\000\040\000A\000u\000l\000a\000-\0004}{chapter.2}% 23
\BOOKMARK [1][-]{section.2.21}{\376\377\0001\000\272\000\040\000A\000n\000o\000\040\000-\000\040\000M\000\352\000s\000\040\0006\000\040\000-\000\040\000A\000u\000l\000a\000-\0001}{chapter.2}% 24
\BOOKMARK [1][-]{section.2.22}{\376\377\0001\000\272\000\040\000A\000n\000o\000\040\000-\000\040\000M\000\352\000s\000\040\0006\000\040\000-\000\040\000A\000u\000l\000a\000-\0002}{chapter.2}% 25
\BOOKMARK [1][-]{section.2.23}{\376\377\0001\000\272\000\040\000A\000n\000o\000\040\000-\000\040\000M\000\352\000s\000\040\0006\000\040\000-\000\040\000A\000u\000l\000a\000-\0003}{chapter.2}% 26
\BOOKMARK [1][-]{section.2.24}{\376\377\0001\000\272\000\040\000A\000n\000o\000\040\000-\000\040\000M\000\352\000s\000\040\0006\000\040\000-\000\040\000A\000u\000l\000a\000-\0004}{chapter.2}% 27
\BOOKMARK [1][-]{section.2.25}{\376\377\0001\000\272\000\040\000A\000n\000o\000\040\000-\000\040\000M\000\352\000s\000\040\0007\000\040\000-\000\040\000A\000u\000l\000a\000-\0001}{chapter.2}% 28
\BOOKMARK [1][-]{section.2.26}{\376\377\0001\000\272\000\040\000A\000n\000o\000\040\000-\000\040\000M\000\352\000s\000\040\0007\000\040\000-\000\040\000A\000u\000l\000a\000-\0002}{chapter.2}% 29
\BOOKMARK [1][-]{section.2.27}{\376\377\0001\000\272\000\040\000A\000n\000o\000\040\000-\000\040\000M\000\352\000s\000\040\0007\000\040\000-\000\040\000A\000u\000l\000a\000-\0003}{chapter.2}% 30
\BOOKMARK [1][-]{section.2.28}{\376\377\0001\000\272\000\040\000A\000n\000o\000\040\000-\000\040\000M\000\352\000s\000\040\0007\000\040\000-\000\040\000A\000u\000l\000a\000-\0004}{chapter.2}% 31
\BOOKMARK [1][-]{section.2.29}{\376\377\0001\000\272\000\040\000A\000n\000o\000\040\000-\000\040\000M\000\352\000s\000\040\0008\000\040\000-\000\040\000A\000u\000l\000a\000-\0001}{chapter.2}% 32
\BOOKMARK [1][-]{section.2.30}{\376\377\0001\000\272\000\040\000A\000n\000o\000\040\000-\000\040\000M\000\352\000s\000\040\0008\000\040\000-\000\040\000A\000u\000l\000a\000-\0002}{chapter.2}% 33
\BOOKMARK [1][-]{section.2.31}{\376\377\0001\000\272\000\040\000A\000n\000o\000\040\000-\000\040\000M\000\352\000s\000\040\0008\000\040\000-\000\040\000A\000u\000l\000a\000-\0003}{chapter.2}% 34
\BOOKMARK [1][-]{section.2.32}{\376\377\0001\000\272\000\040\000A\000n\000o\000\040\000-\000\040\000M\000\352\000s\000\040\0008\000\040\000-\000\040\000A\000u\000l\000a\000-\0004}{chapter.2}% 35
\BOOKMARK [0][-]{chapter.3}{\376\377\0002\000\272\000\040\000A\000n\000o\000:\000\040\000o\000\040\000A\000B\000C}{}% 36
\BOOKMARK [1][-]{section.3.1}{\376\377\0002\000\272\000\040\000A\000n\000o\000\040\000-\000\040\000M\000\352\000s\000\040\0001\000\040\000-\000\040\000A\000u\000l\000a\000-\0001}{chapter.3}% 37
\BOOKMARK [1][-]{section.3.2}{\376\377\0002\000\272\000\040\000A\000n\000o\000\040\000-\000\040\000M\000\352\000s\000\040\0001\000\040\000-\000\040\000A\000u\000l\000a\000-\0002}{chapter.3}% 38
\BOOKMARK [1][-]{section.3.3}{\376\377\0002\000\272\000\040\000A\000n\000o\000\040\000-\000\040\000M\000\352\000s\000\040\0001\000\040\000-\000\040\000A\000u\000l\000a\000-\0003}{chapter.3}% 39
\BOOKMARK [1][-]{section.3.4}{\376\377\0002\000\272\000\040\000A\000n\000o\000\040\000-\000\040\000M\000\352\000s\000\040\0001\000\040\000-\000\040\000A\000u\000l\000a\000-\0004}{chapter.3}% 40
\BOOKMARK [1][-]{section.3.5}{\376\377\0002\000\272\000\040\000A\000n\000o\000\040\000-\000\040\000M\000\352\000s\000\040\0002\000\040\000-\000\040\000A\000u\000l\000a\000-\0001}{chapter.3}% 41
\BOOKMARK [1][-]{section.3.6}{\376\377\0002\000\272\000\040\000A\000n\000o\000\040\000-\000\040\000M\000\352\000s\000\040\0002\000\040\000-\000\040\000A\000u\000l\000a\000-\0002}{chapter.3}% 42
\BOOKMARK [1][-]{section.3.7}{\376\377\0002\000\272\000\040\000A\000n\000o\000\040\000-\000\040\000M\000\352\000s\000\040\0002\000\040\000-\000\040\000A\000u\000l\000a\000-\0003}{chapter.3}% 43
\BOOKMARK [1][-]{section.3.8}{\376\377\0002\000\272\000\040\000A\000n\000o\000\040\000-\000\040\000M\000\352\000s\000\040\0002\000\040\000-\000\040\000A\000u\000l\000a\000-\0004}{chapter.3}% 44
\BOOKMARK [1][-]{section.3.9}{\376\377\0002\000\272\000\040\000A\000n\000o\000\040\000-\000\040\000M\000\352\000s\000\040\0003\000\040\000-\000\040\000A\000u\000l\000a\000-\0001}{chapter.3}% 45
\BOOKMARK [1][-]{section.3.10}{\376\377\0002\000\272\000\040\000A\000n\000o\000\040\000-\000\040\000M\000\352\000s\000\040\0003\000\040\000-\000\040\000A\000u\000l\000a\000-\0002}{chapter.3}% 46
\BOOKMARK [1][-]{section.3.11}{\376\377\0002\000\272\000\040\000A\000n\000o\000\040\000-\000\040\000M\000\352\000s\000\040\0003\000\040\000-\000\040\000A\000u\000l\000a\000-\0003}{chapter.3}% 47
\BOOKMARK [1][-]{section.3.12}{\376\377\0002\000\272\000\040\000A\000n\000o\000\040\000-\000\040\000M\000\352\000s\000\040\0003\000\040\000-\000\040\000A\000u\000l\000a\000-\0004}{chapter.3}% 48
\BOOKMARK [1][-]{section.3.13}{\376\377\0002\000\272\000\040\000A\000n\000o\000\040\000-\000\040\000M\000\352\000s\000\040\0004\000\040\000-\000\040\000A\000u\000l\000a\000-\0001}{chapter.3}% 49
\BOOKMARK [1][-]{section.3.14}{\376\377\0002\000\272\000\040\000A\000n\000o\000\040\000-\000\040\000M\000\352\000s\000\040\0004\000\040\000-\000\040\000A\000u\000l\000a\000-\0002}{chapter.3}% 50
\BOOKMARK [1][-]{section.3.15}{\376\377\0002\000\272\000\040\000A\000n\000o\000\040\000-\000\040\000M\000\352\000s\000\040\0004\000\040\000-\000\040\000A\000u\000l\000a\000-\0003}{chapter.3}% 51
\BOOKMARK [1][-]{section.3.16}{\376\377\0002\000\272\000\040\000A\000n\000o\000\040\000-\000\040\000M\000\352\000s\000\040\0004\000\040\000-\000\040\000A\000u\000l\000a\000-\0004}{chapter.3}% 52
\BOOKMARK [1][-]{section.3.17}{\376\377\0002\000\272\000\040\000A\000n\000o\000\040\000-\000\040\000M\000\352\000s\000\040\0005\000\040\000-\000\040\000A\000u\000l\000a\000-\0001}{chapter.3}% 53
\BOOKMARK [1][-]{section.3.18}{\376\377\0002\000\272\000\040\000A\000n\000o\000\040\000-\000\040\000M\000\352\000s\000\040\0005\000\040\000-\000\040\000A\000u\000l\000a\000-\0002}{chapter.3}% 54
\BOOKMARK [1][-]{section.3.19}{\376\377\0002\000\272\000\040\000A\000n\000o\000\040\000-\000\040\000M\000\352\000s\000\040\0005\000\040\000-\000\040\000A\000u\000l\000a\000-\0003}{chapter.3}% 55
\BOOKMARK [1][-]{section.3.20}{\376\377\0002\000\272\000\040\000A\000n\000o\000\040\000-\000\040\000M\000\352\000s\000\040\0005\000\040\000-\000\040\000A\000u\000l\000a\000-\0004}{chapter.3}% 56
\BOOKMARK [1][-]{section.3.21}{\376\377\0002\000\272\000\040\000A\000n\000o\000\040\000-\000\040\000M\000\352\000s\000\040\0006\000\040\000-\000\040\000A\000u\000l\000a\000-\0001}{chapter.3}% 57
\BOOKMARK [1][-]{section.3.22}{\376\377\0002\000\272\000\040\000A\000n\000o\000\040\000-\000\040\000M\000\352\000s\000\040\0006\000\040\000-\000\040\000A\000u\000l\000a\000-\0002}{chapter.3}% 58
\BOOKMARK [1][-]{section.3.23}{\376\377\0002\000\272\000\040\000A\000n\000o\000\040\000-\000\040\000M\000\352\000s\000\040\0006\000\040\000-\000\040\000A\000u\000l\000a\000-\0003}{chapter.3}% 59
\BOOKMARK [1][-]{section.3.24}{\376\377\0002\000\272\000\040\000A\000n\000o\000\040\000-\000\040\000M\000\352\000s\000\040\0006\000\040\000-\000\040\000A\000u\000l\000a\000-\0004}{chapter.3}% 60
\BOOKMARK [1][-]{section.3.25}{\376\377\0002\000\272\000\040\000A\000n\000o\000\040\000-\000\040\000M\000\352\000s\000\040\0007\000\040\000-\000\040\000A\000u\000l\000a\000-\0001}{chapter.3}% 61
\BOOKMARK [1][-]{section.3.26}{\376\377\0002\000\272\000\040\000A\000n\000o\000\040\000-\000\040\000M\000\352\000s\000\040\0007\000\040\000-\000\040\000A\000u\000l\000a\000-\0002}{chapter.3}% 62
\BOOKMARK [1][-]{section.3.27}{\376\377\0002\000\272\000\040\000A\000n\000o\000\040\000-\000\040\000M\000\352\000s\000\040\0007\000\040\000-\000\040\000A\000u\000l\000a\000-\0003}{chapter.3}% 63
\BOOKMARK [1][-]{section.3.28}{\376\377\0002\000\272\000\040\000A\000n\000o\000\040\000-\000\040\000M\000\352\000s\000\040\0007\000\040\000-\000\040\000A\000u\000l\000a\000-\0004}{chapter.3}% 64
\BOOKMARK [1][-]{section.3.29}{\376\377\0002\000\272\000\040\000A\000n\000o\000\040\000-\000\040\000M\000\352\000s\000\040\0008\000\040\000-\000\040\000A\000u\000l\000a\000-\0001}{chapter.3}% 65
\BOOKMARK [1][-]{section.3.30}{\376\377\0002\000\272\000\040\000A\000n\000o\000\040\000-\000\040\000M\000\352\000s\000\040\0008\000\040\000-\000\040\000A\000u\000l\000a\000-\0002}{chapter.3}% 66
\BOOKMARK [1][-]{section.3.31}{\376\377\0002\000\272\000\040\000A\000n\000o\000\040\000-\000\040\000M\000\352\000s\000\040\0008\000\040\000-\000\040\000A\000u\000l\000a\000-\0003}{chapter.3}% 67
\BOOKMARK [1][-]{section.3.32}{\376\377\0002\000\272\000\040\000A\000n\000o\000\040\000-\000\040\000M\000\352\000s\000\040\0008\000\040\000-\000\040\000A\000u\000l\000a\000-\0004}{chapter.3}% 68
\BOOKMARK [0][-]{chapter.4}{\376\377\0003\000\272\000\040\000A\000n\000o\000:\000\040\000b\000i\000t\000s\000\040\000b\000e\000m\000\040\000e\000s\000c\000o\000v\000a\000d\000o\000s\000.}{}% 69
\BOOKMARK [1][-]{section.4.1}{\376\377\0003\000\272\000\040\000A\000n\000o\000\040\000-\000\040\000M\000\352\000s\000\040\0001\000\040\000-\000\040\000A\000u\000l\000a\000-\0001}{chapter.4}% 70
\BOOKMARK [1][-]{section.4.2}{\376\377\0003\000\272\000\040\000A\000n\000o\000\040\000-\000\040\000M\000\352\000s\000\040\0001\000\040\000-\000\040\000A\000u\000l\000a\000-\0002}{chapter.4}% 71
\BOOKMARK [1][-]{section.4.3}{\376\377\0003\000\272\000\040\000A\000n\000o\000\040\000-\000\040\000M\000\352\000s\000\040\0001\000\040\000-\000\040\000A\000u\000l\000a\000-\0003}{chapter.4}% 72
\BOOKMARK [1][-]{section.4.4}{\376\377\0003\000\272\000\040\000A\000n\000o\000\040\000-\000\040\000M\000\352\000s\000\040\0001\000\040\000-\000\040\000A\000u\000l\000a\000-\0004}{chapter.4}% 73
\BOOKMARK [1][-]{section.4.5}{\376\377\0003\000\272\000\040\000A\000n\000o\000\040\000-\000\040\000M\000\352\000s\000\040\0002\000\040\000-\000\040\000A\000u\000l\000a\000-\0001}{chapter.4}% 74
\BOOKMARK [1][-]{section.4.6}{\376\377\0003\000\272\000\040\000A\000n\000o\000\040\000-\000\040\000M\000\352\000s\000\040\0002\000\040\000-\000\040\000A\000u\000l\000a\000-\0002}{chapter.4}% 75
\BOOKMARK [1][-]{section.4.7}{\376\377\0003\000\272\000\040\000A\000n\000o\000\040\000-\000\040\000M\000\352\000s\000\040\0002\000\040\000-\000\040\000A\000u\000l\000a\000-\0003}{chapter.4}% 76
\BOOKMARK [1][-]{section.4.8}{\376\377\0003\000\272\000\040\000A\000n\000o\000\040\000-\000\040\000M\000\352\000s\000\040\0002\000\040\000-\000\040\000A\000u\000l\000a\000-\0004}{chapter.4}% 77
\BOOKMARK [1][-]{section.4.9}{\376\377\0003\000\272\000\040\000A\000n\000o\000\040\000-\000\040\000M\000\352\000s\000\040\0003\000\040\000-\000\040\000A\000u\000l\000a\000-\0001}{chapter.4}% 78
\BOOKMARK [1][-]{section.4.10}{\376\377\0003\000\272\000\040\000A\000n\000o\000\040\000-\000\040\000M\000\352\000s\000\040\0003\000\040\000-\000\040\000A\000u\000l\000a\000-\0002}{chapter.4}% 79
\BOOKMARK [1][-]{section.4.11}{\376\377\0003\000\272\000\040\000A\000n\000o\000\040\000-\000\040\000M\000\352\000s\000\040\0003\000\040\000-\000\040\000A\000u\000l\000a\000-\0003}{chapter.4}% 80
\BOOKMARK [1][-]{section.4.12}{\376\377\0003\000\272\000\040\000A\000n\000o\000\040\000-\000\040\000M\000\352\000s\000\040\0003\000\040\000-\000\040\000A\000u\000l\000a\000-\0004}{chapter.4}% 81
\BOOKMARK [1][-]{section.4.13}{\376\377\0003\000\272\000\040\000A\000n\000o\000\040\000-\000\040\000M\000\352\000s\000\040\0004\000\040\000-\000\040\000A\000u\000l\000a\000-\0001}{chapter.4}% 82
\BOOKMARK [1][-]{section.4.14}{\376\377\0003\000\272\000\040\000A\000n\000o\000\040\000-\000\040\000M\000\352\000s\000\040\0004\000\040\000-\000\040\000A\000u\000l\000a\000-\0002}{chapter.4}% 83
\BOOKMARK [1][-]{section.4.15}{\376\377\0003\000\272\000\040\000A\000n\000o\000\040\000-\000\040\000M\000\352\000s\000\040\0004\000\040\000-\000\040\000A\000u\000l\000a\000-\0003}{chapter.4}% 84
\BOOKMARK [1][-]{section.4.16}{\376\377\0003\000\272\000\040\000A\000n\000o\000\040\000-\000\040\000M\000\352\000s\000\040\0004\000\040\000-\000\040\000A\000u\000l\000a\000-\0004}{chapter.4}% 85
\BOOKMARK [1][-]{section.4.17}{\376\377\0003\000\272\000\040\000A\000n\000o\000\040\000-\000\040\000M\000\352\000s\000\040\0005\000\040\000-\000\040\000A\000u\000l\000a\000-\0001}{chapter.4}% 86
\BOOKMARK [1][-]{section.4.18}{\376\377\0003\000\272\000\040\000A\000n\000o\000\040\000-\000\040\000M\000\352\000s\000\040\0005\000\040\000-\000\040\000A\000u\000l\000a\000-\0002}{chapter.4}% 87
\BOOKMARK [1][-]{section.4.19}{\376\377\0003\000\272\000\040\000A\000n\000o\000\040\000-\000\040\000M\000\352\000s\000\040\0005\000\040\000-\000\040\000A\000u\000l\000a\000-\0003}{chapter.4}% 88
\BOOKMARK [1][-]{section.4.20}{\376\377\0003\000\272\000\040\000A\000n\000o\000\040\000-\000\040\000M\000\352\000s\000\040\0005\000\040\000-\000\040\000A\000u\000l\000a\000-\0004}{chapter.4}% 89
\BOOKMARK [1][-]{section.4.21}{\376\377\0003\000\272\000\040\000A\000n\000o\000\040\000-\000\040\000M\000\352\000s\000\040\0006\000\040\000-\000\040\000A\000u\000l\000a\000-\0001}{chapter.4}% 90
\BOOKMARK [1][-]{section.4.22}{\376\377\0003\000\272\000\040\000A\000n\000o\000\040\000-\000\040\000M\000\352\000s\000\040\0006\000\040\000-\000\040\000A\000u\000l\000a\000-\0002}{chapter.4}% 91
\BOOKMARK [1][-]{section.4.23}{\376\377\0003\000\272\000\040\000A\000n\000o\000\040\000-\000\040\000M\000\352\000s\000\040\0006\000\040\000-\000\040\000A\000u\000l\000a\000-\0003}{chapter.4}% 92
\BOOKMARK [1][-]{section.4.24}{\376\377\0003\000\272\000\040\000A\000n\000o\000\040\000-\000\040\000M\000\352\000s\000\040\0006\000\040\000-\000\040\000A\000u\000l\000a\000-\0004}{chapter.4}% 93
\BOOKMARK [1][-]{section.4.25}{\376\377\0003\000\272\000\040\000A\000n\000o\000\040\000-\000\040\000M\000\352\000s\000\040\0007\000\040\000-\000\040\000A\000u\000l\000a\000-\0001}{chapter.4}% 94
\BOOKMARK [1][-]{section.4.26}{\376\377\0003\000\272\000\040\000A\000n\000o\000\040\000-\000\040\000M\000\352\000s\000\040\0007\000\040\000-\000\040\000A\000u\000l\000a\000-\0002}{chapter.4}% 95
\BOOKMARK [1][-]{section.4.27}{\376\377\0003\000\272\000\040\000A\000n\000o\000\040\000-\000\040\000M\000\352\000s\000\040\0007\000\040\000-\000\040\000A\000u\000l\000a\000-\0003}{chapter.4}% 96
\BOOKMARK [1][-]{section.4.28}{\376\377\0003\000\272\000\040\000A\000n\000o\000\040\000-\000\040\000M\000\352\000s\000\040\0007\000\040\000-\000\040\000A\000u\000l\000a\000-\0004}{chapter.4}% 97
\BOOKMARK [1][-]{section.4.29}{\376\377\0003\000\272\000\040\000A\000n\000o\000\040\000-\000\040\000M\000\352\000s\000\040\0008\000\040\000-\000\040\000A\000u\000l\000a\000-\0001}{chapter.4}% 98
\BOOKMARK [1][-]{section.4.30}{\376\377\0003\000\272\000\040\000A\000n\000o\000\040\000-\000\040\000M\000\352\000s\000\040\0008\000\040\000-\000\040\000A\000u\000l\000a\000-\0002}{chapter.4}% 99
\BOOKMARK [1][-]{section.4.31}{\376\377\0003\000\272\000\040\000A\000n\000o\000\040\000-\000\040\000M\000\352\000s\000\040\0008\000\040\000-\000\040\000A\000u\000l\000a\000-\0003}{chapter.4}% 100
\BOOKMARK [1][-]{section.4.32}{\376\377\0003\000\272\000\040\000A\000n\000o\000\040\000-\000\040\000M\000\352\000s\000\040\0008\000\040\000-\000\040\000A\000u\000l\000a\000-\0004}{chapter.4}% 101
\BOOKMARK [0][-]{chapter.5}{\376\377\0004\000\272\000\040\000A\000n\000o\000:\000\040\000H\000a\000c\000k\000'\000n\000\040\000R\000o\000l\000l}{}% 102
\BOOKMARK [1][-]{section.5.1}{\376\377\0004\000\272\000\040\000A\000n\000o\000\040\000-\000\040\000M\000\352\000s\000\040\0001\000\040\000-\000\040\000A\000u\000l\000a\000-\0001}{chapter.5}% 103
\BOOKMARK [1][-]{section.5.2}{\376\377\0004\000\272\000\040\000A\000n\000o\000\040\000-\000\040\000M\000\352\000s\000\040\0001\000\040\000-\000\040\000A\000u\000l\000a\000-\0002}{chapter.5}% 104
\BOOKMARK [1][-]{section.5.3}{\376\377\0004\000\272\000\040\000A\000n\000o\000\040\000-\000\040\000M\000\352\000s\000\040\0001\000\040\000-\000\040\000A\000u\000l\000a\000-\0003}{chapter.5}% 105
\BOOKMARK [1][-]{section.5.4}{\376\377\0004\000\272\000\040\000A\000n\000o\000\040\000-\000\040\000M\000\352\000s\000\040\0001\000\040\000-\000\040\000A\000u\000l\000a\000-\0004}{chapter.5}% 106
\BOOKMARK [1][-]{section.5.5}{\376\377\0004\000\272\000\040\000A\000n\000o\000\040\000-\000\040\000M\000\352\000s\000\040\0002\000\040\000-\000\040\000A\000u\000l\000a\000-\0001}{chapter.5}% 107
\BOOKMARK [1][-]{section.5.6}{\376\377\0004\000\272\000\040\000A\000n\000o\000\040\000-\000\040\000M\000\352\000s\000\040\0002\000\040\000-\000\040\000A\000u\000l\000a\000-\0002}{chapter.5}% 108
\BOOKMARK [1][-]{section.5.7}{\376\377\0004\000\272\000\040\000A\000n\000o\000\040\000-\000\040\000M\000\352\000s\000\040\0002\000\040\000-\000\040\000A\000u\000l\000a\000-\0003}{chapter.5}% 109
\BOOKMARK [1][-]{section.5.8}{\376\377\0004\000\272\000\040\000A\000n\000o\000\040\000-\000\040\000M\000\352\000s\000\040\0002\000\040\000-\000\040\000A\000u\000l\000a\000-\0004}{chapter.5}% 110
\BOOKMARK [1][-]{section.5.9}{\376\377\0004\000\272\000\040\000A\000n\000o\000\040\000-\000\040\000M\000\352\000s\000\040\0003\000\040\000-\000\040\000A\000u\000l\000a\000-\0001}{chapter.5}% 111
\BOOKMARK [1][-]{section.5.10}{\376\377\0004\000\272\000\040\000A\000n\000o\000\040\000-\000\040\000M\000\352\000s\000\040\0003\000\040\000-\000\040\000A\000u\000l\000a\000-\0002}{chapter.5}% 112
\BOOKMARK [1][-]{section.5.11}{\376\377\0004\000\272\000\040\000A\000n\000o\000\040\000-\000\040\000M\000\352\000s\000\040\0003\000\040\000-\000\040\000A\000u\000l\000a\000-\0003}{chapter.5}% 113
\BOOKMARK [1][-]{section.5.12}{\376\377\0004\000\272\000\040\000A\000n\000o\000\040\000-\000\040\000M\000\352\000s\000\040\0003\000\040\000-\000\040\000A\000u\000l\000a\000-\0004}{chapter.5}% 114
\BOOKMARK [1][-]{section.5.13}{\376\377\0004\000\272\000\040\000A\000n\000o\000\040\000-\000\040\000M\000\352\000s\000\040\0004\000\040\000-\000\040\000A\000u\000l\000a\000-\0001}{chapter.5}% 115
\BOOKMARK [1][-]{section.5.14}{\376\377\0004\000\272\000\040\000A\000n\000o\000\040\000-\000\040\000M\000\352\000s\000\040\0004\000\040\000-\000\040\000A\000u\000l\000a\000-\0002}{chapter.5}% 116
\BOOKMARK [1][-]{section.5.15}{\376\377\0004\000\272\000\040\000A\000n\000o\000\040\000-\000\040\000M\000\352\000s\000\040\0004\000\040\000-\000\040\000A\000u\000l\000a\000-\0003}{chapter.5}% 117
\BOOKMARK [1][-]{section.5.16}{\376\377\0004\000\272\000\040\000A\000n\000o\000\040\000-\000\040\000M\000\352\000s\000\040\0004\000\040\000-\000\040\000A\000u\000l\000a\000-\0004}{chapter.5}% 118
\BOOKMARK [1][-]{section.5.17}{\376\377\0004\000\272\000\040\000A\000n\000o\000\040\000-\000\040\000M\000\352\000s\000\040\0005\000\040\000-\000\040\000A\000u\000l\000a\000-\0001}{chapter.5}% 119
\BOOKMARK [1][-]{section.5.18}{\376\377\0004\000\272\000\040\000A\000n\000o\000\040\000-\000\040\000M\000\352\000s\000\040\0005\000\040\000-\000\040\000A\000u\000l\000a\000-\0002}{chapter.5}% 120
\BOOKMARK [1][-]{section.5.19}{\376\377\0004\000\272\000\040\000A\000n\000o\000\040\000-\000\040\000M\000\352\000s\000\040\0005\000\040\000-\000\040\000A\000u\000l\000a\000-\0003}{chapter.5}% 121
\BOOKMARK [1][-]{section.5.20}{\376\377\0004\000\272\000\040\000A\000n\000o\000\040\000-\000\040\000M\000\352\000s\000\040\0005\000\040\000-\000\040\000A\000u\000l\000a\000-\0004}{chapter.5}% 122
\BOOKMARK [1][-]{section.5.21}{\376\377\0004\000\272\000\040\000A\000n\000o\000\040\000-\000\040\000M\000\352\000s\000\040\0006\000\040\000-\000\040\000A\000u\000l\000a\000-\0001}{chapter.5}% 123
\BOOKMARK [1][-]{section.5.22}{\376\377\0004\000\272\000\040\000A\000n\000o\000\040\000-\000\040\000M\000\352\000s\000\040\0006\000\040\000-\000\040\000A\000u\000l\000a\000-\0002}{chapter.5}% 124
\BOOKMARK [1][-]{section.5.23}{\376\377\0004\000\272\000\040\000A\000n\000o\000\040\000-\000\040\000M\000\352\000s\000\040\0006\000\040\000-\000\040\000A\000u\000l\000a\000-\0003}{chapter.5}% 125
\BOOKMARK [1][-]{section.5.24}{\376\377\0004\000\272\000\040\000A\000n\000o\000\040\000-\000\040\000M\000\352\000s\000\040\0006\000\040\000-\000\040\000A\000u\000l\000a\000-\0004}{chapter.5}% 126
\BOOKMARK [1][-]{section.5.25}{\376\377\0004\000\272\000\040\000A\000n\000o\000\040\000-\000\040\000M\000\352\000s\000\040\0007\000\040\000-\000\040\000A\000u\000l\000a\000-\0001}{chapter.5}% 127
\BOOKMARK [1][-]{section.5.26}{\376\377\0004\000\272\000\040\000A\000n\000o\000\040\000-\000\040\000M\000\352\000s\000\040\0007\000\040\000-\000\040\000A\000u\000l\000a\000-\0002}{chapter.5}% 128
\BOOKMARK [1][-]{section.5.27}{\376\377\0004\000\272\000\040\000A\000n\000o\000\040\000-\000\040\000M\000\352\000s\000\040\0007\000\040\000-\000\040\000A\000u\000l\000a\000-\0003}{chapter.5}% 129
\BOOKMARK [1][-]{section.5.28}{\376\377\0004\000\272\000\040\000A\000n\000o\000\040\000-\000\040\000M\000\352\000s\000\040\0007\000\040\000-\000\040\000A\000u\000l\000a\000-\0004}{chapter.5}% 130
\BOOKMARK [1][-]{section.5.29}{\376\377\0004\000\272\000\040\000A\000n\000o\000\040\000-\000\040\000M\000\352\000s\000\040\0008\000\040\000-\000\040\000A\000u\000l\000a\000-\0001}{chapter.5}% 131
\BOOKMARK [1][-]{section.5.30}{\376\377\0004\000\272\000\040\000A\000n\000o\000\040\000-\000\040\000M\000\352\000s\000\040\0008\000\040\000-\000\040\000A\000u\000l\000a\000-\0002}{chapter.5}% 132
\BOOKMARK [1][-]{section.5.31}{\376\377\0004\000\272\000\040\000A\000n\000o\000\040\000-\000\040\000M\000\352\000s\000\040\0008\000\040\000-\000\040\000A\000u\000l\000a\000-\0003}{chapter.5}% 133
\BOOKMARK [1][-]{section.5.32}{\376\377\0004\000\272\000\040\000A\000n\000o\000\040\000-\000\040\000M\000\352\000s\000\040\0008\000\040\000-\000\040\000A\000u\000l\000a\000-\0004}{chapter.5}% 134
\BOOKMARK [0][-]{chapter.6}{\376\377\0005\000\272\000\040\000A\000n\000o\000:\000\040\000S\000c\000i\000e\000n\000c\000e\000\040\000\046\000\046\000\040\000b\000i\000t\000s\000!}{}% 135
\BOOKMARK [1][-]{section.6.1}{\376\377\0005\000\272\000\040\000A\000n\000o\000\040\000-\000\040\000M\000\352\000s\000\040\0001\000\040\000-\000\040\000A\000u\000l\000a\000-\0001}{chapter.6}% 136
\BOOKMARK [1][-]{section.6.2}{\376\377\0005\000\272\000\040\000A\000n\000o\000\040\000-\000\040\000M\000\352\000s\000\040\0001\000\040\000-\000\040\000A\000u\000l\000a\000-\0002}{chapter.6}% 137
\BOOKMARK [1][-]{section.6.3}{\376\377\0005\000\272\000\040\000A\000n\000o\000\040\000-\000\040\000M\000\352\000s\000\040\0001\000\040\000-\000\040\000A\000u\000l\000a\000-\0003}{chapter.6}% 138
\BOOKMARK [1][-]{section.6.4}{\376\377\0005\000\272\000\040\000A\000n\000o\000\040\000-\000\040\000M\000\352\000s\000\040\0001\000\040\000-\000\040\000A\000u\000l\000a\000-\0004}{chapter.6}% 139
\BOOKMARK [1][-]{section.6.5}{\376\377\0005\000\272\000\040\000A\000n\000o\000\040\000-\000\040\000M\000\352\000s\000\040\0002\000\040\000-\000\040\000A\000u\000l\000a\000-\0001}{chapter.6}% 140
\BOOKMARK [1][-]{section.6.6}{\376\377\0005\000\272\000\040\000A\000n\000o\000\040\000-\000\040\000M\000\352\000s\000\040\0002\000\040\000-\000\040\000A\000u\000l\000a\000-\0002}{chapter.6}% 141
\BOOKMARK [1][-]{section.6.7}{\376\377\0005\000\272\000\040\000A\000n\000o\000\040\000-\000\040\000M\000\352\000s\000\040\0002\000\040\000-\000\040\000A\000u\000l\000a\000-\0003}{chapter.6}% 142
\BOOKMARK [1][-]{section.6.8}{\376\377\0005\000\272\000\040\000A\000n\000o\000\040\000-\000\040\000M\000\352\000s\000\040\0002\000\040\000-\000\040\000A\000u\000l\000a\000-\0004}{chapter.6}% 143
\BOOKMARK [1][-]{section.6.9}{\376\377\0005\000\272\000\040\000A\000n\000o\000\040\000-\000\040\000M\000\352\000s\000\040\0003\000\040\000-\000\040\000A\000u\000l\000a\000-\0001}{chapter.6}% 144
\BOOKMARK [1][-]{section.6.10}{\376\377\0005\000\272\000\040\000A\000n\000o\000\040\000-\000\040\000M\000\352\000s\000\040\0003\000\040\000-\000\040\000A\000u\000l\000a\000-\0002}{chapter.6}% 145
\BOOKMARK [1][-]{section.6.11}{\376\377\0005\000\272\000\040\000A\000n\000o\000\040\000-\000\040\000M\000\352\000s\000\040\0003\000\040\000-\000\040\000A\000u\000l\000a\000-\0003}{chapter.6}% 146
\BOOKMARK [1][-]{section.6.12}{\376\377\0005\000\272\000\040\000A\000n\000o\000\040\000-\000\040\000M\000\352\000s\000\040\0003\000\040\000-\000\040\000A\000u\000l\000a\000-\0004}{chapter.6}% 147
\BOOKMARK [1][-]{section.6.13}{\376\377\0005\000\272\000\040\000A\000n\000o\000\040\000-\000\040\000M\000\352\000s\000\040\0004\000\040\000-\000\040\000A\000u\000l\000a\000-\0001}{chapter.6}% 148
\BOOKMARK [1][-]{section.6.14}{\376\377\0005\000\272\000\040\000A\000n\000o\000\040\000-\000\040\000M\000\352\000s\000\040\0004\000\040\000-\000\040\000A\000u\000l\000a\000-\0002}{chapter.6}% 149
\BOOKMARK [1][-]{section.6.15}{\376\377\0005\000\272\000\040\000A\000n\000o\000\040\000-\000\040\000M\000\352\000s\000\040\0004\000\040\000-\000\040\000A\000u\000l\000a\000-\0003}{chapter.6}% 150
\BOOKMARK [1][-]{section.6.16}{\376\377\0005\000\272\000\040\000A\000n\000o\000\040\000-\000\040\000M\000\352\000s\000\040\0004\000\040\000-\000\040\000A\000u\000l\000a\000-\0004}{chapter.6}% 151
\BOOKMARK [1][-]{section.6.17}{\376\377\0005\000\272\000\040\000A\000n\000o\000\040\000-\000\040\000M\000\352\000s\000\040\0005\000\040\000-\000\040\000A\000u\000l\000a\000-\0001}{chapter.6}% 152
\BOOKMARK [1][-]{section.6.18}{\376\377\0005\000\272\000\040\000A\000n\000o\000\040\000-\000\040\000M\000\352\000s\000\040\0005\000\040\000-\000\040\000A\000u\000l\000a\000-\0002}{chapter.6}% 153
\BOOKMARK [1][-]{section.6.19}{\376\377\0005\000\272\000\040\000A\000n\000o\000\040\000-\000\040\000M\000\352\000s\000\040\0005\000\040\000-\000\040\000A\000u\000l\000a\000-\0003}{chapter.6}% 154
\BOOKMARK [1][-]{section.6.20}{\376\377\0005\000\272\000\040\000A\000n\000o\000\040\000-\000\040\000M\000\352\000s\000\040\0005\000\040\000-\000\040\000A\000u\000l\000a\000-\0004}{chapter.6}% 155
\BOOKMARK [1][-]{section.6.21}{\376\377\0005\000\272\000\040\000A\000n\000o\000\040\000-\000\040\000M\000\352\000s\000\040\0006\000\040\000-\000\040\000A\000u\000l\000a\000-\0001}{chapter.6}% 156
\BOOKMARK [1][-]{section.6.22}{\376\377\0005\000\272\000\040\000A\000n\000o\000\040\000-\000\040\000M\000\352\000s\000\040\0006\000\040\000-\000\040\000A\000u\000l\000a\000-\0002}{chapter.6}% 157
\BOOKMARK [1][-]{section.6.23}{\376\377\0005\000\272\000\040\000A\000n\000o\000\040\000-\000\040\000M\000\352\000s\000\040\0006\000\040\000-\000\040\000A\000u\000l\000a\000-\0003}{chapter.6}% 158
\BOOKMARK [1][-]{section.6.24}{\376\377\0005\000\272\000\040\000A\000n\000o\000\040\000-\000\040\000M\000\352\000s\000\040\0006\000\040\000-\000\040\000A\000u\000l\000a\000-\0004}{chapter.6}% 159
\BOOKMARK [1][-]{section.6.25}{\376\377\0005\000\272\000\040\000A\000n\000o\000\040\000-\000\040\000M\000\352\000s\000\040\0007\000\040\000-\000\040\000A\000u\000l\000a\000-\0001}{chapter.6}% 160
\BOOKMARK [1][-]{section.6.26}{\376\377\0005\000\272\000\040\000A\000n\000o\000\040\000-\000\040\000M\000\352\000s\000\040\0007\000\040\000-\000\040\000A\000u\000l\000a\000-\0002}{chapter.6}% 161
\BOOKMARK [1][-]{section.6.27}{\376\377\0005\000\272\000\040\000A\000n\000o\000\040\000-\000\040\000M\000\352\000s\000\040\0007\000\040\000-\000\040\000A\000u\000l\000a\000-\0003}{chapter.6}% 162
\BOOKMARK [1][-]{section.6.28}{\376\377\0005\000\272\000\040\000A\000n\000o\000\040\000-\000\040\000M\000\352\000s\000\040\0007\000\040\000-\000\040\000A\000u\000l\000a\000-\0004}{chapter.6}% 163
\BOOKMARK [1][-]{section.6.29}{\376\377\0005\000\272\000\040\000A\000n\000o\000\040\000-\000\040\000M\000\352\000s\000\040\0008\000\040\000-\000\040\000A\000u\000l\000a\000-\0001}{chapter.6}% 164
\BOOKMARK [1][-]{section.6.30}{\376\377\0005\000\272\000\040\000A\000n\000o\000\040\000-\000\040\000M\000\352\000s\000\040\0008\000\040\000-\000\040\000A\000u\000l\000a\000-\0002}{chapter.6}% 165
\BOOKMARK [1][-]{section.6.31}{\376\377\0005\000\272\000\040\000A\000n\000o\000\040\000-\000\040\000M\000\352\000s\000\040\0008\000\040\000-\000\040\000A\000u\000l\000a\000-\0003}{chapter.6}% 166
\BOOKMARK [1][-]{section.6.32}{\376\377\0005\000\272\000\040\000A\000n\000o\000\040\000-\000\040\000M\000\352\000s\000\040\0008\000\040\000-\000\040\000A\000u\000l\000a\000-\0004}{chapter.6}% 167
\BOOKMARK [0][-]{chapter.7}{\376\377\000Q\000u\000e\000r\000i\000d\000a\000\040\000p\000r\000o\000f\000e\000s\000s\000o\000r\000a\000\040\000d\000e\000s\000e\000s\000p\000e\000r\000a\000d\000a\000.\000.\000.}{}% 168
