\BOOKMARK [0][-]{chapter.1}{\376\377\000A\000p\000r\000e\000s\000e\000n\000t\000a\000\347\000\343\000o}{}% 1
\BOOKMARK [1][-]{section.1.1}{\376\377\000P\000o\000r\000\040\000q\000u\000\352\000\040\000a\000p\000r\000e\000n\000d\000e\000r\000\040\000c\000o\000m\000p\000u\000t\000a\000\347\000\343\000o\000?}{chapter.1}% 2
\BOOKMARK [1][-]{section.1.2}{\376\377\000M\000a\000s\000\040\000e\000\040\000o\000\040\000c\000u\000r\000s\000o\000\040\000q\000u\000e\000\040\000e\000u\000\040\000f\000i\000z\000?}{chapter.1}% 3
\BOOKMARK [1][-]{section.1.3}{\376\377\000E\000\040\000o\000\040\000q\000u\000\352\000\040\000e\000s\000t\000e\000\040\000c\000u\000r\000s\000o\000\040\000t\000e\000m\000\040\000d\000e\000\040\000d\000i\000f\000e\000r\000e\000n\000t\000e\000?}{chapter.1}% 4
\BOOKMARK [1][-]{section.1.4}{\376\377\000C\000o\000m\000o\000\040\000a\000\040\000c\000o\000m\000p\000u\000t\000a\000\347\000\343\000o\000\040\000p\000o\000d\000e\000\040\000m\000e\000\040\000a\000j\000u\000d\000a\000r\000?}{chapter.1}% 5
\BOOKMARK [1][-]{section.1.5}{\376\377\000P\000r\000e\000c\000i\000s\000o\000\040\000p\000a\000g\000a\000r\000\040\000a\000l\000g\000u\000m\000a\000\040\000c\000o\000i\000s\000a\000?}{chapter.1}% 6
\BOOKMARK [0][-]{chapter.2}{\376\377\000O\000\040\000c\000o\000m\000p\000u\000t\000a\000d\000o\000r}{}% 7
\BOOKMARK [1][-]{section.2.1}{\376\377\000O\000\040\000q\000u\000e\000\040\000\351\000\040\000u\000m\000\040\000c\000o\000m\000p\000u\000t\000a\000d\000o\000r}{chapter.2}% 8
\BOOKMARK [1][-]{section.2.2}{\376\377\000Q\000u\000e\000m\000\040\000i\000n\000v\000e\000n\000t\000o\000u\000\040\000o\000\040\000c\000o\000m\000p\000u\000t\000a\000d\000o\000r}{chapter.2}% 9
\BOOKMARK [1][-]{section.2.3}{\376\377\000S\000e\000n\000t\000a\000\040\000q\000u\000e\000\040\000l\000\341\000\040\000v\000e\000m\000\040\000H\000i\000s\000t\000\363\000r\000i\000a\000!}{chapter.2}% 10
\BOOKMARK [2][-]{subsection.2.3.1}{\376\377\000O\000\040\000f\000o\000g\000o}{section.2.3}% 11
\BOOKMARK [2][-]{subsection.2.3.2}{\376\377\000O\000\040\000o\000s\000s\000o\000\040\000d\000e\000\040\000I\000s\000h\000a\000n\000g\000\364}{section.2.3}% 12
\BOOKMARK [2][-]{subsection.2.3.3}{\376\377\000O\000\040\000c\000h\000e\000f\000e\000\040\000d\000a\000\040\000t\000r\000i\000b\000o}{section.2.3}% 13
\BOOKMARK [2][-]{subsection.2.3.4}{\376\377\000O\000\040\000p\000r\000o\000b\000l\000e\000m\000a\000\040\000d\000a\000s\000\040\000c\000a\000b\000r\000a\000s}{section.2.3}% 14
\BOOKMARK [2][-]{subsection.2.3.5}{\376\377\000T\000a\000b\000u\000l\000e\000t\000a\000s\000\040\000d\000e\000\040\000a\000r\000g\000i\000l\000a}{section.2.3}% 15
\BOOKMARK [2][-]{subsection.2.3.6}{\376\377\000O\000\040\000C\000\363\000d\000i\000g\000o\000\040\000d\000e\000\040\000H\000a\000m\000u\000r\000a\000b\000i}{section.2.3}% 16
\BOOKMARK [2][-]{subsection.2.3.7}{\376\377\000\301\000b\000a\000c\000o}{section.2.3}% 17
\BOOKMARK [2][-]{subsection.2.3.8}{\376\377\000V\000e\000l\000a\000s\000\040\000p\000a\000r\000a\000\040\000c\000o\000n\000t\000a\000r\000\040\000o\000\040\000t\000e\000m\000p\000o}{section.2.3}% 18
\BOOKMARK [2][-]{subsection.2.3.9}{\376\377\000T\000i\000p\000o\000s\000\040\000m\000\363\000v\000e\000i\000s}{section.2.3}% 19
\BOOKMARK [2][-]{subsection.2.3.10}{\376\377\000P\000a\000s\000c\000a\000l\000i\000n\000e}{section.2.3}% 20
\BOOKMARK [2][-]{subsection.2.3.11}{\376\377\000T\000e\000a\000r}{section.2.3}% 21
\BOOKMARK [2][-]{subsection.2.3.12}{\376\377\000S\000p\000i\000n\000n\000i\000n\000g\000\040\000J\000e\000n\000n\000y}{section.2.3}% 22
\BOOKMARK [2][-]{subsection.2.3.13}{\376\377\000M\000\341\000q\000u\000i\000n\000a\000\040\000a\000\040\000v\000a\000p\000o\000r}{section.2.3}% 23
\BOOKMARK [2][-]{subsection.2.3.14}{\376\377\000T\000e\000a\000r\000\040\000a\000\040\000v\000a\000p\000o\000r}{section.2.3}% 24
\BOOKMARK [2][-]{subsection.2.3.15}{\376\377\000T\000e\000a\000r\000\040\000d\000e\000\040\000J\000a\000c\000c\000q\000a\000r\000d}{section.2.3}% 25
\BOOKMARK [2][-]{subsection.2.3.16}{\376\377\000M\000\341\000q\000u\000i\000n\000a\000\040\000D\000i\000f\000e\000r\000e\000n\000c\000i\000a\000l}{section.2.3}% 26
\BOOKMARK [2][-]{subsection.2.3.17}{\376\377\000G\000o\000t\000t\000f\000r\000i\000e\000d\000\040\000L\000e\000i\000b\000n\000i\000z}{section.2.3}% 27
\BOOKMARK [2][-]{subsection.2.3.18}{\376\377\000G\000e\000o\000r\000g\000e\000\040\000B\000o\000o\000l\000e}{section.2.3}% 28
\BOOKMARK [2][-]{subsection.2.3.19}{\376\377\000T\000e\000l\000\351\000g\000r\000a\000f\000o}{section.2.3}% 29
\BOOKMARK [2][-]{subsection.2.3.20}{\376\377\000H\000e\000r\000m\000m\000a\000n\000\040\000H\000o\000l\000l\000e\000r\000i\000t\000h}{section.2.3}% 30
\BOOKMARK [2][-]{subsection.2.3.21}{\376\377\000R\000e\000l\000a\000y}{section.2.3}% 31
\BOOKMARK [2][-]{subsection.2.3.22}{\376\377\000T\000E\000L\000E\000X}{section.2.3}% 32
\BOOKMARK [2][-]{subsection.2.3.23}{\376\377\000V\000\341\000l\000v\000u\000l\000a}{section.2.3}% 33
\BOOKMARK [2][-]{subsection.2.3.24}{\376\377\000C\000o\000n\000r\000a\000d\000\040\000Z\000u\000s\000e}{section.2.3}% 34
\BOOKMARK [2][-]{subsection.2.3.25}{\376\377\000A\000\040\000m\000\341\000q\000u\000i\000n\000a\000\040\000E\000n\000i\000g\000m\000a}{section.2.3}% 35
\BOOKMARK [2][-]{subsection.2.3.26}{\376\377\000A\000l\000a\000n\000\040\000T\000u\000r\000i\000n\000g}{section.2.3}% 36
\BOOKMARK [2][-]{subsection.2.3.27}{\376\377\000E\000N\000I\000A\000C}{section.2.3}% 37
\BOOKMARK [2][-]{subsection.2.3.28}{\376\377\000E\000D\000V\000A\000C}{section.2.3}% 38
\BOOKMARK [2][-]{subsection.2.3.29}{\376\377\000T\000a\000n\000s\000i\000s\000t\000o\000r}{section.2.3}% 39
\BOOKMARK [2][-]{subsection.2.3.30}{\376\377\000M\000a\000i\000n\000f\000r\000a\000m\000e\000s}{section.2.3}% 40
\BOOKMARK [2][-]{subsection.2.3.31}{\376\377\000A\000\040\000l\000i\000n\000g\000u\000a\000g\000e\000m\000\040\000C}{section.2.3}% 41
\BOOKMARK [2][-]{subsection.2.3.32}{\376\377\000U\000N\000I\000X}{section.2.3}% 42
\BOOKMARK [2][-]{subsection.2.3.33}{\376\377\000A\000R\000P\000A\000N\000E\000T}{section.2.3}% 43
\BOOKMARK [2][-]{subsection.2.3.34}{\376\377\000X\000E\000R\000O\000X}{section.2.3}% 44
\BOOKMARK [2][-]{subsection.2.3.35}{\376\377\000V\000i\000d\000e\000o\000\040\000G\000a\000m\000e}{section.2.3}% 45
\BOOKMARK [2][-]{subsection.2.3.36}{\376\377\000I\000B\000M\000\040\000P\000C\000-\000X\000T}{section.2.3}% 46
\BOOKMARK [2][-]{subsection.2.3.37}{\376\377\000M\000S\000-\000D\000O\000S}{section.2.3}% 47
\BOOKMARK [2][-]{subsection.2.3.38}{\376\377\000A\000p\000p\000l\000e}{section.2.3}% 48
\BOOKMARK [2][-]{subsection.2.3.39}{\376\377\000M\000i\000c\000r\000o\000\044\000s\000o\000f\000t\000\040\000W\000i\000n\000d\000o\000w\000s}{section.2.3}% 49
\BOOKMARK [2][-]{subsection.2.3.40}{\376\377\000R\000i\000c\000h\000a\000r\000d\000\040\000M\000a\000t\000h\000e\000w\000\040\000S\000t\000a\000l\000l\000m\000a\000n}{section.2.3}% 50
\BOOKMARK [2][-]{subsection.2.3.41}{\376\377\000L\000i\000n\000u\000s\000\040\000T\000o\000r\000l\000v\000a\000l\000d}{section.2.3}% 51
\BOOKMARK [2][-]{subsection.2.3.42}{\376\377\000O\000\040\000I\000p\000h\000o\000n\000e}{section.2.3}% 52
\BOOKMARK [2][-]{subsection.2.3.43}{\376\377\000R\000e\000d\000\040\000H\000a\000t}{section.2.3}% 53
\BOOKMARK [2][-]{subsection.2.3.44}{\376\377\000G\000o\000o\000g\000l\000e}{section.2.3}% 54
\BOOKMARK [2][-]{subsection.2.3.45}{\376\377\000A\000n\000d\000r\000o\000i\000d}{section.2.3}% 55
\BOOKMARK [2][-]{subsection.2.3.46}{\376\377\000A\000r\000d\000u\000i\000n\000o}{section.2.3}% 56
\BOOKMARK [2][-]{subsection.2.3.47}{\376\377\000I\000m\000p\000r\000e\000s\000s\000o\000r\000a\000\040\0003\000D}{section.2.3}% 57
\BOOKMARK [2][-]{subsection.2.3.48}{\376\377\000R\000o\000b\000\363\000t\000i\000c\000a}{section.2.3}% 58
\BOOKMARK [2][-]{subsection.2.3.49}{\376\377\000I\000n\000t\000e\000l\000i\000g\000\352\000n\000c\000i\000a\000\040\000A\000r\000t\000i\000f\000i\000c\000i\000a\000l}{section.2.3}% 59
\BOOKMARK [0][-]{chapter.3}{\376\377\000C\000o\000m\000o\000\040\000f\000u\000n\000c\000i\000o\000n\000a\000\040\000o\000\040\000c\000o\000m\000p\000u\000t\000a\000d\000o\000r}{}% 60
\BOOKMARK [1][-]{section.3.1}{\376\377\000O\000\040\000c\000o\000m\000p\000u\000t\000a\000d\000o\000r\000\040\000p\000o\000r\000\040\000d\000e\000n\000t\000r\000o}{chapter.3}% 61
\BOOKMARK [1][-]{section.3.2}{\376\377\000S\000o\000f\000t\000w\000a\000r\000e\000\040\000e\000\040\000H\000a\000r\000d\000w\000a\000r\000e}{chapter.3}% 62
\BOOKMARK [1][-]{section.3.3}{\376\377\000E\000n\000t\000r\000a\000d\000a\000,\000\040\000p\000r\000o\000c\000e\000s\000s\000a\000m\000e\000n\000t\000o\000\040\000e\000\040\000s\000a\000\355\000d\000a}{chapter.3}% 63
\BOOKMARK [1][-]{section.3.4}{\376\377\000O\000\040\000q\000u\000e\000\040\000\351\000\040\000u\000m\000\040\000p\000r\000o\000g\000r\000a\000m\000a}{chapter.3}% 64
\BOOKMARK [1][-]{section.3.5}{\376\377\000B\000i\000t\000s\000\040\000e\000\040\000B\000y\000t\000e\000s}{chapter.3}% 65
\BOOKMARK [1][-]{section.3.6}{\376\377\000O\000\040\000C\000\363\000d\000i\000g\000o\000\040\000A\000S\000C\000I\000I}{chapter.3}% 66
\BOOKMARK [1][-]{section.3.7}{\376\377\000T\000u\000d\000o\000\040\000\351\000\040\000a\000r\000q\000u\000i\000v\000o}{chapter.3}% 67
\BOOKMARK [1][-]{section.3.8}{\376\377\000E\000s\000t\000r\000u\000t\000u\000r\000a\000\040\000d\000e\000\040\000d\000i\000s\000c\000o\000\040\000e\000\040\000p\000a\000r\000t\000i\000\347\000\365\000e\000s}{chapter.3}% 68
\BOOKMARK [2][-]{subsection.3.8.1}{\376\377\000I\000\040\000a\000m\000\040\000R\000o\000o\000t}{section.3.8}% 69
\BOOKMARK [2][-]{subsection.3.8.2}{\376\377\000\301\000r\000v\000o\000r\000e\000\040\000W\000i\000n\000d\000o\000w\000s}{section.3.8}% 70
\BOOKMARK [2][-]{subsection.3.8.3}{\376\377\000\301\000r\000v\000o\000r\000e\000\040\000L\000i\000n\000u\000x}{section.3.8}% 71
\BOOKMARK [2][-]{subsection.3.8.4}{\376\377\000\301\000r\000v\000o\000r\000e\000\040\000A\000n\000d\000r\000o\000i\000d}{section.3.8}% 72
\BOOKMARK [1][-]{section.3.9}{\376\377\000S\000i\000s\000t\000e\000m\000a\000s\000\040\000O\000p\000e\000r\000a\000c\000i\000o\000n\000a\000i\000s}{chapter.3}% 73
\BOOKMARK [2][-]{subsection.3.9.1}{\376\377\000N\000o\000\040\000p\000r\000i\000n\000c\000\355\000p\000i\000o\000\040\000e\000r\000a\000m\000\040\000o\000s\000\040\000r\000e\000l\000a\000y\000s}{section.3.9}% 74
\BOOKMARK [2][-]{subsection.3.9.2}{\376\377\000.\000.\000.\000e\000\040\000f\000e\000z\000-\000s\000e\000\040\000o\000\040\000U\000N\000I\000X}{section.3.9}% 75
\BOOKMARK [2][-]{subsection.3.9.3}{\376\377\000M\000S\000-\000X\000\040\000/\000\040\000M\000S\000-\000D\000O\000X}{section.3.9}% 76
\BOOKMARK [2][-]{subsection.3.9.4}{\376\377\000M\000a\000c\000O\000S\000-\000X}{section.3.9}% 77
\BOOKMARK [2][-]{subsection.3.9.5}{\376\377\000M\000i\000c\000r\000o\000\044\000o\000f\000t\000\040\000W\000i\000n\000d\000o\000w\000s}{section.3.9}% 78
\BOOKMARK [2][-]{subsection.3.9.6}{\376\377\000M\000i\000n\000i\000X}{section.3.9}% 79
\BOOKMARK [2][-]{subsection.3.9.7}{\376\377\000G\000N\000U}{section.3.9}% 80
\BOOKMARK [2][-]{subsection.3.9.8}{\376\377\000L\000i\000n\000u\000X}{section.3.9}% 81
\BOOKMARK [2][-]{subsection.3.9.9}{\376\377\000A\000n\000d\000r\000o\000i\000d}{section.3.9}% 82
\BOOKMARK [2][-]{subsection.3.9.10}{\376\377\000G\000N\000U\000\040\000d\000e\000\040\000K\000e\000r\000n\000e\000l\000\040\000L\000i\000n\000u\000x}{section.3.9}% 83
\BOOKMARK [0][-]{chapter.4}{\376\377\000O\000\040\000p\000r\000o\000b\000l\000e\000m\000a\000\040\000d\000a\000s\000\040\000L\000i\000c\000e\000n\000\347\000a\000s}{}% 84
\BOOKMARK [1][-]{section.4.1}{\376\377\000C\000\363\000d\000i\000g\000o\000s}{chapter.4}% 85
\BOOKMARK [2][-]{subsection.4.1.1}{\376\377\000C\000\363\000d\000i\000g\000o\000-\000f\000o\000n\000t\000e}{section.4.1}% 86
\BOOKMARK [2][-]{subsection.4.1.2}{\376\377\000C\000\363\000d\000i\000g\000o\000-\000m\000\341\000q\000u\000i\000n\000a}{section.4.1}% 87
\BOOKMARK [2][-]{subsection.4.1.3}{\376\377\000L\000i\000c\000e\000n\000\347\000a\000\040\000P\000r\000o\000p\000r\000i\000e\000t\000\341\000r\000i\000a}{section.4.1}% 88
\BOOKMARK [2][-]{subsection.4.1.4}{\376\377\000L\000i\000c\000e\000n\000\347\000a\000\040\000L\000i\000v\000r\000e}{section.4.1}% 89
\BOOKMARK [0][-]{chapter.5}{\376\377\000O\000\040\000S\000i\000s\000t\000e\000m\000a\000\040\000O\000p\000e\000r\000a\000c\000i\000o\000n\000a\000l}{}% 90
\BOOKMARK [1][-]{section.5.1}{\376\377\000O\000\040\000U\000N\000I\000X}{chapter.5}% 91
\BOOKMARK [1][-]{section.5.2}{\376\377\000M\000-\000D\000O\000S}{chapter.5}% 92
\BOOKMARK [1][-]{section.5.3}{\376\377\000M\000A\000C}{chapter.5}% 93
\BOOKMARK [1][-]{section.5.4}{\376\377\000G\000N\000U}{chapter.5}% 94
\BOOKMARK [1][-]{section.5.5}{\376\377\000L\000i\000n\000u\000x}{chapter.5}% 95
\BOOKMARK [1][-]{section.5.6}{\376\377\000G\000N\000U\000\040\000d\000e\000\040\000K\000e\000r\000n\000e\000l\000\040\000L\000i\000n\000u\000x}{chapter.5}% 96
\BOOKMARK [2][-]{subsection.5.6.1}{\376\377\000O\000\040\000q\000u\000e\000\040\000\351\000\040\000K\000e\000r\000n\000e\000l}{section.5.6}% 97
