\BOOKMARK [0][-]{chapter.1}{\376\377\000S\000o\000b\000r\000e\000\040\000o\000\040\000H\000e\000f\000e\000s\000t\000u\000s}{}% 1
\BOOKMARK [1][-]{section.1.1}{\376\377\000L\000E\000I\000A\000-\000M\000E\000.\000t\000e\000x}{chapter.1}% 2
\BOOKMARK [1][-]{section.1.2}{\376\377\000S\000o\000b\000r\000e\000\040\000a\000\040\000v\000e\000r\000s\000\343\000o\000\040\0001\000.\0000}{chapter.1}% 3
\BOOKMARK [1][-]{section.1.3}{\376\377\000C\000o\000n\000t\000r\000i\000b\000u\000i\000\347\000\365\000e\000s}{chapter.1}% 4
\BOOKMARK [1][-]{section.1.4}{\376\377\000L\000i\000c\000e\000n\000\347\000a}{chapter.1}% 5
\BOOKMARK [1][-]{section.1.5}{\376\377\000O\000\040\000C\000\363\000d\000i\000g\000o\000\040\000V\000i\000k\000i\000n\000g}{chapter.1}% 6
\BOOKMARK [2][-]{subsection.1.5.1}{\376\377\000P\000r\000e\000\342\000m\000b\000u\000l\000o}{section.1.5}% 7
\BOOKMARK [2][-]{subsection.1.5.2}{\376\377\000C\000a\000p\000\355\000t\000u\000l\000o}{section.1.5}% 8
\BOOKMARK [2][-]{subsection.1.5.3}{\376\377\000P\000a\000c\000o\000t\000e\000\040\000L\000i\000s\000t\000i\000n\000g\000s\000\040\000p\000a\000r\000a\000\040\000c\000\363\000d\000i\000g\000o\000s\000-\000f\000o\000n\000t\000e}{section.1.5}% 9
\BOOKMARK [2][-]{subsection.1.5.4}{\376\377\000E\000x\000e\000m\000p\000l\000o\000s\000\040\000d\000e\000\040\000c\000\363\000d\000i\000g\000o\000s\000-\000f\000o\000n\000t\000e\000\040\000e\000m\000\040\000p\000a\000c\000o\000t\000e\000\040\000L\000i\000s\000t\000i\000n\000g\000s}{section.1.5}% 10
\BOOKMARK [0][-]{chapter.2}{\376\377\000Q\000u\000e\000r\000i\000d\000o\000\050\000a\000\051\000\040\000p\000r\000o\000f\000e\000s\000s\000o\000r\000\050\000a\000\051\000:}{}% 11
\BOOKMARK [1][-]{section.2.1}{\376\377\000U\000m\000a\000\040\000p\000e\000r\000g\000u\000n\000t\000a\000\040\000s\000i\000m\000p\000l\000e\000s\000.}{chapter.2}% 12
\BOOKMARK [0][-]{chapter.3}{\376\377\000\040\0001\000\272\000\040\000A\000n\000o\000:\000\040\000o\000\040\000B\000e\000-\000A\000-\000B\000\341}{}% 13
\BOOKMARK [1][-]{section.3.1}{\376\377\0001\000\272\000\040\000A\000n\000o\000\040\000-\000\040\000M\000\352\000s\000\040\0001\000\040\000-\000\040\000A\000u\000l\000a\000-\0001}{chapter.3}% 14
\BOOKMARK [1][-]{section.3.2}{\376\377\0001\000\272\000\040\000A\000n\000o\000\040\000-\000\040\000M\000\352\000s\000\040\0001\000\040\000-\000\040\000A\000u\000l\000a\000-\0002}{chapter.3}% 15
\BOOKMARK [1][-]{section.3.3}{\376\377\0001\000\272\000\040\000A\000n\000o\000\040\000-\000\040\000M\000\352\000s\000\040\0001\000\040\000-\000\040\000A\000u\000l\000a\000-\0003}{chapter.3}% 16
\BOOKMARK [1][-]{section.3.4}{\376\377\0001\000\272\000\040\000A\000n\000o\000\040\000-\000\040\000M\000\352\000s\000\040\0001\000\040\000-\000\040\000A\000u\000l\000a\000-\0004}{chapter.3}% 17
\BOOKMARK [1][-]{section.3.5}{\376\377\0001\000\272\000\040\000A\000n\000o\000\040\000-\000\040\000M\000\352\000s\000\040\0001\000\040\000-\000\040\000A\000u\000l\000a\000-\0005}{chapter.3}% 18
\BOOKMARK [1][-]{section.3.6}{\376\377\0001\000\272\000\040\000A\000n\000o\000\040\000-\000\040\000M\000\352\000s\000\040\0001\000\040\000-\000\040\000A\000u\000l\000a\000-\0006}{chapter.3}% 19
\BOOKMARK [1][-]{section.3.7}{\376\377\0001\000\272\000\040\000A\000n\000o\000\040\000-\000\040\000M\000\352\000s\000\040\0002\000\040\000-\000\040\000A\000u\000l\000a\000-\0003}{chapter.3}% 20
\BOOKMARK [1][-]{section.3.8}{\376\377\0001\000\272\000\040\000A\000n\000o\000\040\000-\000\040\000M\000\352\000s\000\040\0002\000\040\000-\000\040\000A\000u\000l\000a\000-\0004}{chapter.3}% 21
\BOOKMARK [1][-]{section.3.9}{\376\377\0001\000\272\000\040\000A\000n\000o\000\040\000-\000\040\000M\000\352\000s\000\040\0003\000\040\000-\000\040\000A\000u\000l\000a\000-\0001}{chapter.3}% 22
\BOOKMARK [1][-]{section.3.10}{\376\377\0001\000\272\000\040\000A\000n\000o\000\040\000-\000\040\000M\000\352\000s\000\040\0003\000\040\000-\000\040\000A\000u\000l\000a\000-\0002}{chapter.3}% 23
\BOOKMARK [1][-]{section.3.11}{\376\377\0001\000\272\000\040\000A\000n\000o\000\040\000-\000\040\000M\000\352\000s\000\040\0003\000\040\000-\000\040\000A\000u\000l\000a\000-\0003}{chapter.3}% 24
\BOOKMARK [1][-]{section.3.12}{\376\377\0001\000\272\000\040\000A\000n\000o\000\040\000-\000\040\000M\000\352\000s\000\040\0003\000\040\000-\000\040\000A\000u\000l\000a\000-\0004}{chapter.3}% 25
\BOOKMARK [1][-]{section.3.13}{\376\377\0001\000\272\000\040\000A\000n\000o\000\040\000-\000\040\000M\000\352\000s\000\040\0004\000\040\000-\000\040\000A\000u\000l\000a\000-\0001}{chapter.3}% 26
\BOOKMARK [1][-]{section.3.14}{\376\377\0001\000\272\000\040\000A\000n\000o\000\040\000-\000\040\000M\000\352\000s\000\040\0004\000\040\000-\000\040\000A\000u\000l\000a\000-\0002}{chapter.3}% 27
\BOOKMARK [1][-]{section.3.15}{\376\377\0001\000\272\000\040\000A\000n\000o\000\040\000-\000\040\000M\000\352\000s\000\040\0004\000\040\000-\000\040\000A\000u\000l\000a\000-\0003}{chapter.3}% 28
\BOOKMARK [1][-]{section.3.16}{\376\377\0001\000\272\000\040\000A\000n\000o\000\040\000-\000\040\000M\000\352\000s\000\040\0004\000\040\000-\000\040\000A\000u\000l\000a\000-\0004}{chapter.3}% 29
\BOOKMARK [1][-]{section.3.17}{\376\377\0001\000\272\000\040\000A\000n\000o\000\040\000-\000\040\000M\000\352\000s\000\040\0005\000\040\000-\000\040\000A\000u\000l\000a\000-\0001}{chapter.3}% 30
\BOOKMARK [1][-]{section.3.18}{\376\377\0001\000\272\000\040\000A\000n\000o\000\040\000-\000\040\000M\000\352\000s\000\040\0005\000\040\000-\000\040\000A\000u\000l\000a\000-\0002}{chapter.3}% 31
\BOOKMARK [1][-]{section.3.19}{\376\377\0001\000\272\000\040\000A\000n\000o\000\040\000-\000\040\000M\000\352\000s\000\040\0005\000\040\000-\000\040\000A\000u\000l\000a\000-\0003}{chapter.3}% 32
\BOOKMARK [1][-]{section.3.20}{\376\377\0001\000\272\000\040\000A\000n\000o\000\040\000-\000\040\000M\000\352\000s\000\040\0005\000\040\000-\000\040\000A\000u\000l\000a\000-\0004}{chapter.3}% 33
\BOOKMARK [1][-]{section.3.21}{\376\377\0001\000\272\000\040\000A\000n\000o\000\040\000-\000\040\000M\000\352\000s\000\040\0006\000\040\000-\000\040\000A\000u\000l\000a\000-\0001}{chapter.3}% 34
\BOOKMARK [1][-]{section.3.22}{\376\377\0001\000\272\000\040\000A\000n\000o\000\040\000-\000\040\000M\000\352\000s\000\040\0006\000\040\000-\000\040\000A\000u\000l\000a\000-\0002}{chapter.3}% 35
\BOOKMARK [1][-]{section.3.23}{\376\377\0001\000\272\000\040\000A\000n\000o\000\040\000-\000\040\000M\000\352\000s\000\040\0006\000\040\000-\000\040\000A\000u\000l\000a\000-\0003}{chapter.3}% 36
\BOOKMARK [1][-]{section.3.24}{\376\377\0001\000\272\000\040\000A\000n\000o\000\040\000-\000\040\000M\000\352\000s\000\040\0006\000\040\000-\000\040\000A\000u\000l\000a\000-\0004}{chapter.3}% 37
\BOOKMARK [1][-]{section.3.25}{\376\377\0001\000\272\000\040\000A\000n\000o\000\040\000-\000\040\000M\000\352\000s\000\040\0007\000\040\000-\000\040\000A\000u\000l\000a\000-\0001}{chapter.3}% 38
\BOOKMARK [1][-]{section.3.26}{\376\377\0001\000\272\000\040\000A\000n\000o\000\040\000-\000\040\000M\000\352\000s\000\040\0007\000\040\000-\000\040\000A\000u\000l\000a\000-\0002}{chapter.3}% 39
\BOOKMARK [1][-]{section.3.27}{\376\377\0001\000\272\000\040\000A\000n\000o\000\040\000-\000\040\000M\000\352\000s\000\040\0007\000\040\000-\000\040\000A\000u\000l\000a\000-\0003}{chapter.3}% 40
\BOOKMARK [1][-]{section.3.28}{\376\377\0001\000\272\000\040\000A\000n\000o\000\040\000-\000\040\000M\000\352\000s\000\040\0007\000\040\000-\000\040\000A\000u\000l\000a\000-\0004}{chapter.3}% 41
\BOOKMARK [1][-]{section.3.29}{\376\377\0001\000\272\000\040\000A\000n\000o\000\040\000-\000\040\000M\000\352\000s\000\040\0008\000\040\000-\000\040\000A\000u\000l\000a\000-\0001}{chapter.3}% 42
\BOOKMARK [1][-]{section.3.30}{\376\377\0001\000\272\000\040\000A\000n\000o\000\040\000-\000\040\000M\000\352\000s\000\040\0008\000\040\000-\000\040\000A\000u\000l\000a\000-\0002}{chapter.3}% 43
\BOOKMARK [1][-]{section.3.31}{\376\377\0001\000\272\000\040\000A\000n\000o\000\040\000-\000\040\000M\000\352\000s\000\040\0008\000\040\000-\000\040\000A\000u\000l\000a\000-\0003}{chapter.3}% 44
\BOOKMARK [1][-]{section.3.32}{\376\377\0001\000\272\000\040\000A\000n\000o\000\040\000-\000\040\000M\000\352\000s\000\040\0008\000\040\000-\000\040\000A\000u\000l\000a\000-\0004}{chapter.3}% 45
\BOOKMARK [0][-]{chapter.4}{\376\377\000\040\0002\000\272\000\040\000A\000n\000o\000:\000\040\000o\000\040\000A\000B\000C}{}% 46
\BOOKMARK [1][-]{section.4.1}{\376\377\0002\000\272\000\040\000A\000n\000o\000\040\000-\000\040\000M\000\352\000s\000\040\0001\000\040\000-\000\040\000A\000u\000l\000a\000-\0001}{chapter.4}% 47
\BOOKMARK [1][-]{section.4.2}{\376\377\0002\000\272\000\040\000A\000n\000o\000\040\000-\000\040\000M\000\352\000s\000\040\0001\000\040\000-\000\040\000A\000u\000l\000a\000-\0002}{chapter.4}% 48
\BOOKMARK [1][-]{section.4.3}{\376\377\0002\000\272\000\040\000A\000n\000o\000\040\000-\000\040\000M\000\352\000s\000\040\0001\000\040\000-\000\040\000A\000u\000l\000a\000-\0003}{chapter.4}% 49
\BOOKMARK [1][-]{section.4.4}{\376\377\0002\000\272\000\040\000A\000n\000o\000\040\000-\000\040\000M\000\352\000s\000\040\0001\000\040\000-\000\040\000A\000u\000l\000a\000-\0004}{chapter.4}% 50
\BOOKMARK [1][-]{section.4.5}{\376\377\0002\000\272\000\040\000A\000n\000o\000\040\000-\000\040\000M\000\352\000s\000\040\0002\000\040\000-\000\040\000A\000u\000l\000a\000-\0001}{chapter.4}% 51
\BOOKMARK [1][-]{section.4.6}{\376\377\0002\000\272\000\040\000A\000n\000o\000\040\000-\000\040\000M\000\352\000s\000\040\0002\000\040\000-\000\040\000A\000u\000l\000a\000-\0002}{chapter.4}% 52
\BOOKMARK [1][-]{section.4.7}{\376\377\0002\000\272\000\040\000A\000n\000o\000\040\000-\000\040\000M\000\352\000s\000\040\0002\000\040\000-\000\040\000A\000u\000l\000a\000-\0003}{chapter.4}% 53
\BOOKMARK [1][-]{section.4.8}{\376\377\0002\000\272\000\040\000A\000n\000o\000\040\000-\000\040\000M\000\352\000s\000\040\0002\000\040\000-\000\040\000A\000u\000l\000a\000-\0004}{chapter.4}% 54
\BOOKMARK [1][-]{section.4.9}{\376\377\0002\000\272\000\040\000A\000n\000o\000\040\000-\000\040\000M\000\352\000s\000\040\0003\000\040\000-\000\040\000A\000u\000l\000a\000-\0001}{chapter.4}% 55
\BOOKMARK [1][-]{section.4.10}{\376\377\0002\000\272\000\040\000A\000n\000o\000\040\000-\000\040\000M\000\352\000s\000\040\0003\000\040\000-\000\040\000A\000u\000l\000a\000-\0002}{chapter.4}% 56
\BOOKMARK [1][-]{section.4.11}{\376\377\0002\000\272\000\040\000A\000n\000o\000\040\000-\000\040\000M\000\352\000s\000\040\0003\000\040\000-\000\040\000A\000u\000l\000a\000-\0003}{chapter.4}% 57
\BOOKMARK [1][-]{section.4.12}{\376\377\0002\000\272\000\040\000A\000n\000o\000\040\000-\000\040\000M\000\352\000s\000\040\0003\000\040\000-\000\040\000A\000u\000l\000a\000-\0004}{chapter.4}% 58
\BOOKMARK [1][-]{section.4.13}{\376\377\0002\000\272\000\040\000A\000n\000o\000\040\000-\000\040\000M\000\352\000s\000\040\0004\000\040\000-\000\040\000A\000u\000l\000a\000-\0001}{chapter.4}% 59
\BOOKMARK [1][-]{section.4.14}{\376\377\0002\000\272\000\040\000A\000n\000o\000\040\000-\000\040\000M\000\352\000s\000\040\0004\000\040\000-\000\040\000A\000u\000l\000a\000-\0002}{chapter.4}% 60
\BOOKMARK [1][-]{section.4.15}{\376\377\0002\000\272\000\040\000A\000n\000o\000\040\000-\000\040\000M\000\352\000s\000\040\0004\000\040\000-\000\040\000A\000u\000l\000a\000-\0003}{chapter.4}% 61
\BOOKMARK [1][-]{section.4.16}{\376\377\0002\000\272\000\040\000A\000n\000o\000\040\000-\000\040\000M\000\352\000s\000\040\0004\000\040\000-\000\040\000A\000u\000l\000a\000-\0004}{chapter.4}% 62
\BOOKMARK [1][-]{section.4.17}{\376\377\0002\000\272\000\040\000A\000n\000o\000\040\000-\000\040\000M\000\352\000s\000\040\0005\000\040\000-\000\040\000A\000u\000l\000a\000-\0001}{chapter.4}% 63
\BOOKMARK [1][-]{section.4.18}{\376\377\0002\000\272\000\040\000A\000n\000o\000\040\000-\000\040\000M\000\352\000s\000\040\0005\000\040\000-\000\040\000A\000u\000l\000a\000-\0002}{chapter.4}% 64
\BOOKMARK [1][-]{section.4.19}{\376\377\0002\000\272\000\040\000A\000n\000o\000\040\000-\000\040\000M\000\352\000s\000\040\0005\000\040\000-\000\040\000A\000u\000l\000a\000-\0003}{chapter.4}% 65
\BOOKMARK [1][-]{section.4.20}{\376\377\0002\000\272\000\040\000A\000n\000o\000\040\000-\000\040\000M\000\352\000s\000\040\0005\000\040\000-\000\040\000A\000u\000l\000a\000-\0004}{chapter.4}% 66
\BOOKMARK [1][-]{section.4.21}{\376\377\0002\000\272\000\040\000A\000n\000o\000\040\000-\000\040\000M\000\352\000s\000\040\0006\000\040\000-\000\040\000A\000u\000l\000a\000-\0001}{chapter.4}% 67
\BOOKMARK [1][-]{section.4.22}{\376\377\0002\000\272\000\040\000A\000n\000o\000\040\000-\000\040\000M\000\352\000s\000\040\0006\000\040\000-\000\040\000A\000u\000l\000a\000-\0002}{chapter.4}% 68
\BOOKMARK [1][-]{section.4.23}{\376\377\0002\000\272\000\040\000A\000n\000o\000\040\000-\000\040\000M\000\352\000s\000\040\0006\000\040\000-\000\040\000A\000u\000l\000a\000-\0003}{chapter.4}% 69
\BOOKMARK [1][-]{section.4.24}{\376\377\0002\000\272\000\040\000A\000n\000o\000\040\000-\000\040\000M\000\352\000s\000\040\0006\000\040\000-\000\040\000A\000u\000l\000a\000-\0004}{chapter.4}% 70
\BOOKMARK [1][-]{section.4.25}{\376\377\0002\000\272\000\040\000A\000n\000o\000\040\000-\000\040\000M\000\352\000s\000\040\0007\000\040\000-\000\040\000A\000u\000l\000a\000-\0001}{chapter.4}% 71
\BOOKMARK [1][-]{section.4.26}{\376\377\0002\000\272\000\040\000A\000n\000o\000\040\000-\000\040\000M\000\352\000s\000\040\0007\000\040\000-\000\040\000A\000u\000l\000a\000-\0002}{chapter.4}% 72
\BOOKMARK [1][-]{section.4.27}{\376\377\0002\000\272\000\040\000A\000n\000o\000\040\000-\000\040\000M\000\352\000s\000\040\0007\000\040\000-\000\040\000A\000u\000l\000a\000-\0003}{chapter.4}% 73
\BOOKMARK [1][-]{section.4.28}{\376\377\0002\000\272\000\040\000A\000n\000o\000\040\000-\000\040\000M\000\352\000s\000\040\0007\000\040\000-\000\040\000A\000u\000l\000a\000-\0004}{chapter.4}% 74
\BOOKMARK [1][-]{section.4.29}{\376\377\0002\000\272\000\040\000A\000n\000o\000\040\000-\000\040\000M\000\352\000s\000\040\0008\000\040\000-\000\040\000A\000u\000l\000a\000-\0001}{chapter.4}% 75
\BOOKMARK [1][-]{section.4.30}{\376\377\0002\000\272\000\040\000A\000n\000o\000\040\000-\000\040\000M\000\352\000s\000\040\0008\000\040\000-\000\040\000A\000u\000l\000a\000-\0002}{chapter.4}% 76
\BOOKMARK [1][-]{section.4.31}{\376\377\0002\000\272\000\040\000A\000n\000o\000\040\000-\000\040\000M\000\352\000s\000\040\0008\000\040\000-\000\040\000A\000u\000l\000a\000-\0003}{chapter.4}% 77
\BOOKMARK [1][-]{section.4.32}{\376\377\0002\000\272\000\040\000A\000n\000o\000\040\000-\000\040\000M\000\352\000s\000\040\0008\000\040\000-\000\040\000A\000u\000l\000a\000-\0004}{chapter.4}% 78
\BOOKMARK [0][-]{chapter.5}{\376\377\000\040\0003\000\272\000\040\000A\000n\000o\000:\000\040\000b\000i\000t\000s\000\040\000b\000e\000m\000\040\000e\000s\000c\000o\000v\000a\000d\000o\000s\000.}{}% 79
\BOOKMARK [1][-]{section.5.1}{\376\377\0003\000\272\000\040\000A\000n\000o\000\040\000-\000\040\000M\000\352\000s\000\040\0001\000\040\000-\000\040\000A\000u\000l\000a\000-\0001}{chapter.5}% 80
\BOOKMARK [1][-]{section.5.2}{\376\377\0003\000\272\000\040\000A\000n\000o\000\040\000-\000\040\000M\000\352\000s\000\040\0001\000\040\000-\000\040\000A\000u\000l\000a\000-\0002}{chapter.5}% 81
\BOOKMARK [1][-]{section.5.3}{\376\377\0003\000\272\000\040\000A\000n\000o\000\040\000-\000\040\000M\000\352\000s\000\040\0001\000\040\000-\000\040\000A\000u\000l\000a\000-\0003}{chapter.5}% 82
\BOOKMARK [1][-]{section.5.4}{\376\377\0003\000\272\000\040\000A\000n\000o\000\040\000-\000\040\000M\000\352\000s\000\040\0001\000\040\000-\000\040\000A\000u\000l\000a\000-\0004}{chapter.5}% 83
\BOOKMARK [1][-]{section.5.5}{\376\377\0003\000\272\000\040\000A\000n\000o\000\040\000-\000\040\000M\000\352\000s\000\040\0002\000\040\000-\000\040\000A\000u\000l\000a\000-\0001}{chapter.5}% 84
\BOOKMARK [1][-]{section.5.6}{\376\377\0003\000\272\000\040\000A\000n\000o\000\040\000-\000\040\000M\000\352\000s\000\040\0002\000\040\000-\000\040\000A\000u\000l\000a\000-\0002}{chapter.5}% 85
\BOOKMARK [1][-]{section.5.7}{\376\377\0003\000\272\000\040\000A\000n\000o\000\040\000-\000\040\000M\000\352\000s\000\040\0002\000\040\000-\000\040\000A\000u\000l\000a\000-\0003}{chapter.5}% 86
\BOOKMARK [1][-]{section.5.8}{\376\377\0003\000\272\000\040\000A\000n\000o\000\040\000-\000\040\000M\000\352\000s\000\040\0002\000\040\000-\000\040\000A\000u\000l\000a\000-\0004}{chapter.5}% 87
\BOOKMARK [1][-]{section.5.9}{\376\377\0003\000\272\000\040\000A\000n\000o\000\040\000-\000\040\000M\000\352\000s\000\040\0003\000\040\000-\000\040\000A\000u\000l\000a\000-\0001}{chapter.5}% 88
\BOOKMARK [1][-]{section.5.10}{\376\377\0003\000\272\000\040\000A\000n\000o\000\040\000-\000\040\000M\000\352\000s\000\040\0003\000\040\000-\000\040\000A\000u\000l\000a\000-\0002}{chapter.5}% 89
\BOOKMARK [1][-]{section.5.11}{\376\377\0003\000\272\000\040\000A\000n\000o\000\040\000-\000\040\000M\000\352\000s\000\040\0003\000\040\000-\000\040\000A\000u\000l\000a\000-\0003}{chapter.5}% 90
\BOOKMARK [1][-]{section.5.12}{\376\377\0003\000\272\000\040\000A\000n\000o\000\040\000-\000\040\000M\000\352\000s\000\040\0003\000\040\000-\000\040\000A\000u\000l\000a\000-\0004}{chapter.5}% 91
\BOOKMARK [1][-]{section.5.13}{\376\377\0003\000\272\000\040\000A\000n\000o\000\040\000-\000\040\000M\000\352\000s\000\040\0004\000\040\000-\000\040\000A\000u\000l\000a\000-\0001}{chapter.5}% 92
\BOOKMARK [1][-]{section.5.14}{\376\377\0003\000\272\000\040\000A\000n\000o\000\040\000-\000\040\000M\000\352\000s\000\040\0004\000\040\000-\000\040\000A\000u\000l\000a\000-\0002}{chapter.5}% 93
\BOOKMARK [1][-]{section.5.15}{\376\377\0003\000\272\000\040\000A\000n\000o\000\040\000-\000\040\000M\000\352\000s\000\040\0004\000\040\000-\000\040\000A\000u\000l\000a\000-\0003}{chapter.5}% 94
\BOOKMARK [1][-]{section.5.16}{\376\377\0003\000\272\000\040\000A\000n\000o\000\040\000-\000\040\000M\000\352\000s\000\040\0004\000\040\000-\000\040\000A\000u\000l\000a\000-\0004}{chapter.5}% 95
\BOOKMARK [1][-]{section.5.17}{\376\377\0003\000\272\000\040\000A\000n\000o\000\040\000-\000\040\000M\000\352\000s\000\040\0005\000\040\000-\000\040\000A\000u\000l\000a\000-\0001}{chapter.5}% 96
\BOOKMARK [1][-]{section.5.18}{\376\377\0003\000\272\000\040\000A\000n\000o\000\040\000-\000\040\000M\000\352\000s\000\040\0005\000\040\000-\000\040\000A\000u\000l\000a\000-\0002}{chapter.5}% 97
\BOOKMARK [1][-]{section.5.19}{\376\377\0003\000\272\000\040\000A\000n\000o\000\040\000-\000\040\000M\000\352\000s\000\040\0005\000\040\000-\000\040\000A\000u\000l\000a\000-\0003}{chapter.5}% 98
\BOOKMARK [1][-]{section.5.20}{\376\377\0003\000\272\000\040\000A\000n\000o\000\040\000-\000\040\000M\000\352\000s\000\040\0005\000\040\000-\000\040\000A\000u\000l\000a\000-\0004}{chapter.5}% 99
\BOOKMARK [1][-]{section.5.21}{\376\377\0003\000\272\000\040\000A\000n\000o\000\040\000-\000\040\000M\000\352\000s\000\040\0006\000\040\000-\000\040\000A\000u\000l\000a\000-\0001}{chapter.5}% 100
\BOOKMARK [1][-]{section.5.22}{\376\377\0003\000\272\000\040\000A\000n\000o\000\040\000-\000\040\000M\000\352\000s\000\040\0006\000\040\000-\000\040\000A\000u\000l\000a\000-\0002}{chapter.5}% 101
\BOOKMARK [1][-]{section.5.23}{\376\377\0003\000\272\000\040\000A\000n\000o\000\040\000-\000\040\000M\000\352\000s\000\040\0006\000\040\000-\000\040\000A\000u\000l\000a\000-\0003}{chapter.5}% 102
\BOOKMARK [1][-]{section.5.24}{\376\377\0003\000\272\000\040\000A\000n\000o\000\040\000-\000\040\000M\000\352\000s\000\040\0006\000\040\000-\000\040\000A\000u\000l\000a\000-\0004}{chapter.5}% 103
\BOOKMARK [1][-]{section.5.25}{\376\377\0003\000\272\000\040\000A\000n\000o\000\040\000-\000\040\000M\000\352\000s\000\040\0007\000\040\000-\000\040\000A\000u\000l\000a\000-\0001}{chapter.5}% 104
\BOOKMARK [1][-]{section.5.26}{\376\377\0003\000\272\000\040\000A\000n\000o\000\040\000-\000\040\000M\000\352\000s\000\040\0007\000\040\000-\000\040\000A\000u\000l\000a\000-\0002}{chapter.5}% 105
\BOOKMARK [1][-]{section.5.27}{\376\377\0003\000\272\000\040\000A\000n\000o\000\040\000-\000\040\000M\000\352\000s\000\040\0007\000\040\000-\000\040\000A\000u\000l\000a\000-\0003}{chapter.5}% 106
\BOOKMARK [1][-]{section.5.28}{\376\377\0003\000\272\000\040\000A\000n\000o\000\040\000-\000\040\000M\000\352\000s\000\040\0007\000\040\000-\000\040\000A\000u\000l\000a\000-\0004}{chapter.5}% 107
\BOOKMARK [1][-]{section.5.29}{\376\377\0003\000\272\000\040\000A\000n\000o\000\040\000-\000\040\000M\000\352\000s\000\040\0008\000\040\000-\000\040\000A\000u\000l\000a\000-\0001}{chapter.5}% 108
\BOOKMARK [1][-]{section.5.30}{\376\377\0003\000\272\000\040\000A\000n\000o\000\040\000-\000\040\000M\000\352\000s\000\040\0008\000\040\000-\000\040\000A\000u\000l\000a\000-\0002}{chapter.5}% 109
\BOOKMARK [1][-]{section.5.31}{\376\377\0003\000\272\000\040\000A\000n\000o\000\040\000-\000\040\000M\000\352\000s\000\040\0008\000\040\000-\000\040\000A\000u\000l\000a\000-\0003}{chapter.5}% 110
\BOOKMARK [1][-]{section.5.32}{\376\377\0003\000\272\000\040\000A\000n\000o\000\040\000-\000\040\000M\000\352\000s\000\040\0008\000\040\000-\000\040\000A\000u\000l\000a\000-\0004}{chapter.5}% 111
\BOOKMARK [0][-]{chapter.6}{\376\377\000\040\0004\000\272\000\040\000A\000n\000o\000:\000\040\000H\000a\000c\000k\000'\000n\000\040\000R\000o\000l\000l}{}% 112
\BOOKMARK [1][-]{section.6.1}{\376\377\0004\000\272\000\040\000A\000n\000o\000\040\000-\000\040\000M\000\352\000s\000\040\0001\000\040\000-\000\040\000A\000u\000l\000a\000-\0001}{chapter.6}% 113
\BOOKMARK [1][-]{section.6.2}{\376\377\0004\000\272\000\040\000A\000n\000o\000\040\000-\000\040\000M\000\352\000s\000\040\0001\000\040\000-\000\040\000A\000u\000l\000a\000-\0002}{chapter.6}% 114
\BOOKMARK [1][-]{section.6.3}{\376\377\0004\000\272\000\040\000A\000n\000o\000\040\000-\000\040\000M\000\352\000s\000\040\0001\000\040\000-\000\040\000A\000u\000l\000a\000-\0003}{chapter.6}% 115
\BOOKMARK [1][-]{section.6.4}{\376\377\0004\000\272\000\040\000A\000n\000o\000\040\000-\000\040\000M\000\352\000s\000\040\0001\000\040\000-\000\040\000A\000u\000l\000a\000-\0004}{chapter.6}% 116
\BOOKMARK [1][-]{section.6.5}{\376\377\0004\000\272\000\040\000A\000n\000o\000\040\000-\000\040\000M\000\352\000s\000\040\0002\000\040\000-\000\040\000A\000u\000l\000a\000-\0001}{chapter.6}% 117
\BOOKMARK [1][-]{section.6.6}{\376\377\0004\000\272\000\040\000A\000n\000o\000\040\000-\000\040\000M\000\352\000s\000\040\0002\000\040\000-\000\040\000A\000u\000l\000a\000-\0002}{chapter.6}% 118
\BOOKMARK [1][-]{section.6.7}{\376\377\0004\000\272\000\040\000A\000n\000o\000\040\000-\000\040\000M\000\352\000s\000\040\0002\000\040\000-\000\040\000A\000u\000l\000a\000-\0003}{chapter.6}% 119
\BOOKMARK [1][-]{section.6.8}{\376\377\0004\000\272\000\040\000A\000n\000o\000\040\000-\000\040\000M\000\352\000s\000\040\0002\000\040\000-\000\040\000A\000u\000l\000a\000-\0004}{chapter.6}% 120
\BOOKMARK [1][-]{section.6.9}{\376\377\0004\000\272\000\040\000A\000n\000o\000\040\000-\000\040\000M\000\352\000s\000\040\0003\000\040\000-\000\040\000A\000u\000l\000a\000-\0001}{chapter.6}% 121
\BOOKMARK [1][-]{section.6.10}{\376\377\0004\000\272\000\040\000A\000n\000o\000\040\000-\000\040\000M\000\352\000s\000\040\0003\000\040\000-\000\040\000A\000u\000l\000a\000-\0002}{chapter.6}% 122
\BOOKMARK [1][-]{section.6.11}{\376\377\0004\000\272\000\040\000A\000n\000o\000\040\000-\000\040\000M\000\352\000s\000\040\0003\000\040\000-\000\040\000A\000u\000l\000a\000-\0003}{chapter.6}% 123
\BOOKMARK [1][-]{section.6.12}{\376\377\0004\000\272\000\040\000A\000n\000o\000\040\000-\000\040\000M\000\352\000s\000\040\0003\000\040\000-\000\040\000A\000u\000l\000a\000-\0004}{chapter.6}% 124
\BOOKMARK [1][-]{section.6.13}{\376\377\0004\000\272\000\040\000A\000n\000o\000\040\000-\000\040\000M\000\352\000s\000\040\0004\000\040\000-\000\040\000A\000u\000l\000a\000-\0001}{chapter.6}% 125
\BOOKMARK [1][-]{section.6.14}{\376\377\0004\000\272\000\040\000A\000n\000o\000\040\000-\000\040\000M\000\352\000s\000\040\0004\000\040\000-\000\040\000A\000u\000l\000a\000-\0002}{chapter.6}% 126
\BOOKMARK [1][-]{section.6.15}{\376\377\0004\000\272\000\040\000A\000n\000o\000\040\000-\000\040\000M\000\352\000s\000\040\0004\000\040\000-\000\040\000A\000u\000l\000a\000-\0003}{chapter.6}% 127
\BOOKMARK [1][-]{section.6.16}{\376\377\0004\000\272\000\040\000A\000n\000o\000\040\000-\000\040\000M\000\352\000s\000\040\0004\000\040\000-\000\040\000A\000u\000l\000a\000-\0004}{chapter.6}% 128
\BOOKMARK [1][-]{section.6.17}{\376\377\0004\000\272\000\040\000A\000n\000o\000\040\000-\000\040\000M\000\352\000s\000\040\0005\000\040\000-\000\040\000A\000u\000l\000a\000-\0001}{chapter.6}% 129
\BOOKMARK [1][-]{section.6.18}{\376\377\0004\000\272\000\040\000A\000n\000o\000\040\000-\000\040\000M\000\352\000s\000\040\0005\000\040\000-\000\040\000A\000u\000l\000a\000-\0002}{chapter.6}% 130
\BOOKMARK [1][-]{section.6.19}{\376\377\0004\000\272\000\040\000A\000n\000o\000\040\000-\000\040\000M\000\352\000s\000\040\0005\000\040\000-\000\040\000A\000u\000l\000a\000-\0003}{chapter.6}% 131
\BOOKMARK [1][-]{section.6.20}{\376\377\0004\000\272\000\040\000A\000n\000o\000\040\000-\000\040\000M\000\352\000s\000\040\0005\000\040\000-\000\040\000A\000u\000l\000a\000-\0004}{chapter.6}% 132
\BOOKMARK [1][-]{section.6.21}{\376\377\0004\000\272\000\040\000A\000n\000o\000\040\000-\000\040\000M\000\352\000s\000\040\0006\000\040\000-\000\040\000A\000u\000l\000a\000-\0001}{chapter.6}% 133
\BOOKMARK [1][-]{section.6.22}{\376\377\0004\000\272\000\040\000A\000n\000o\000\040\000-\000\040\000M\000\352\000s\000\040\0006\000\040\000-\000\040\000A\000u\000l\000a\000-\0002}{chapter.6}% 134
\BOOKMARK [1][-]{section.6.23}{\376\377\0004\000\272\000\040\000A\000n\000o\000\040\000-\000\040\000M\000\352\000s\000\040\0006\000\040\000-\000\040\000A\000u\000l\000a\000-\0003}{chapter.6}% 135
\BOOKMARK [1][-]{section.6.24}{\376\377\0004\000\272\000\040\000A\000n\000o\000\040\000-\000\040\000M\000\352\000s\000\040\0006\000\040\000-\000\040\000A\000u\000l\000a\000-\0004}{chapter.6}% 136
\BOOKMARK [1][-]{section.6.25}{\376\377\0004\000\272\000\040\000A\000n\000o\000\040\000-\000\040\000M\000\352\000s\000\040\0007\000\040\000-\000\040\000A\000u\000l\000a\000-\0001}{chapter.6}% 137
\BOOKMARK [1][-]{section.6.26}{\376\377\0004\000\272\000\040\000A\000n\000o\000\040\000-\000\040\000M\000\352\000s\000\040\0007\000\040\000-\000\040\000A\000u\000l\000a\000-\0002}{chapter.6}% 138
\BOOKMARK [1][-]{section.6.27}{\376\377\0004\000\272\000\040\000A\000n\000o\000\040\000-\000\040\000M\000\352\000s\000\040\0007\000\040\000-\000\040\000A\000u\000l\000a\000-\0003}{chapter.6}% 139
\BOOKMARK [1][-]{section.6.28}{\376\377\0004\000\272\000\040\000A\000n\000o\000\040\000-\000\040\000M\000\352\000s\000\040\0007\000\040\000-\000\040\000A\000u\000l\000a\000-\0004}{chapter.6}% 140
\BOOKMARK [1][-]{section.6.29}{\376\377\0004\000\272\000\040\000A\000n\000o\000\040\000-\000\040\000M\000\352\000s\000\040\0008\000\040\000-\000\040\000A\000u\000l\000a\000-\0001}{chapter.6}% 141
\BOOKMARK [1][-]{section.6.30}{\376\377\0004\000\272\000\040\000A\000n\000o\000\040\000-\000\040\000M\000\352\000s\000\040\0008\000\040\000-\000\040\000A\000u\000l\000a\000-\0002}{chapter.6}% 142
\BOOKMARK [1][-]{section.6.31}{\376\377\0004\000\272\000\040\000A\000n\000o\000\040\000-\000\040\000M\000\352\000s\000\040\0008\000\040\000-\000\040\000A\000u\000l\000a\000-\0003}{chapter.6}% 143
\BOOKMARK [1][-]{section.6.32}{\376\377\0004\000\272\000\040\000A\000n\000o\000\040\000-\000\040\000M\000\352\000s\000\040\0008\000\040\000-\000\040\000A\000u\000l\000a\000-\0004}{chapter.6}% 144
\BOOKMARK [0][-]{chapter.7}{\376\377\000\040\0005\000\272\000\040\000A\000n\000o\000:\000\040\000S\000c\000i\000e\000n\000c\000e\000\040\000\046\000\046\000\040\000b\000i\000t\000s\000!}{}% 145
\BOOKMARK [1][-]{section.7.1}{\376\377\0005\000\272\000\040\000A\000n\000o\000\040\000-\000\040\000M\000\352\000s\000\040\0001\000\040\000-\000\040\000A\000u\000l\000a\000-\0001}{chapter.7}% 146
\BOOKMARK [1][-]{section.7.2}{\376\377\0005\000\272\000\040\000A\000n\000o\000\040\000-\000\040\000M\000\352\000s\000\040\0001\000\040\000-\000\040\000A\000u\000l\000a\000-\0002}{chapter.7}% 147
\BOOKMARK [1][-]{section.7.3}{\376\377\0005\000\272\000\040\000A\000n\000o\000\040\000-\000\040\000M\000\352\000s\000\040\0001\000\040\000-\000\040\000A\000u\000l\000a\000-\0003}{chapter.7}% 148
\BOOKMARK [1][-]{section.7.4}{\376\377\0005\000\272\000\040\000A\000n\000o\000\040\000-\000\040\000M\000\352\000s\000\040\0001\000\040\000-\000\040\000A\000u\000l\000a\000-\0004}{chapter.7}% 149
\BOOKMARK [1][-]{section.7.5}{\376\377\0005\000\272\000\040\000A\000n\000o\000\040\000-\000\040\000M\000\352\000s\000\040\0002\000\040\000-\000\040\000A\000u\000l\000a\000-\0001}{chapter.7}% 150
\BOOKMARK [1][-]{section.7.6}{\376\377\0005\000\272\000\040\000A\000n\000o\000\040\000-\000\040\000M\000\352\000s\000\040\0002\000\040\000-\000\040\000A\000u\000l\000a\000-\0002}{chapter.7}% 151
\BOOKMARK [1][-]{section.7.7}{\376\377\0005\000\272\000\040\000A\000n\000o\000\040\000-\000\040\000M\000\352\000s\000\040\0002\000\040\000-\000\040\000A\000u\000l\000a\000-\0003}{chapter.7}% 152
\BOOKMARK [1][-]{section.7.8}{\376\377\0005\000\272\000\040\000A\000n\000o\000\040\000-\000\040\000M\000\352\000s\000\040\0002\000\040\000-\000\040\000A\000u\000l\000a\000-\0004}{chapter.7}% 153
\BOOKMARK [1][-]{section.7.9}{\376\377\0005\000\272\000\040\000A\000n\000o\000\040\000-\000\040\000M\000\352\000s\000\040\0003\000\040\000-\000\040\000A\000u\000l\000a\000-\0001}{chapter.7}% 154
\BOOKMARK [1][-]{section.7.10}{\376\377\0005\000\272\000\040\000A\000n\000o\000\040\000-\000\040\000M\000\352\000s\000\040\0003\000\040\000-\000\040\000A\000u\000l\000a\000-\0002}{chapter.7}% 155
\BOOKMARK [1][-]{section.7.11}{\376\377\0005\000\272\000\040\000A\000n\000o\000\040\000-\000\040\000M\000\352\000s\000\040\0003\000\040\000-\000\040\000A\000u\000l\000a\000-\0003}{chapter.7}% 156
\BOOKMARK [1][-]{section.7.12}{\376\377\0005\000\272\000\040\000A\000n\000o\000\040\000-\000\040\000M\000\352\000s\000\040\0003\000\040\000-\000\040\000A\000u\000l\000a\000-\0004}{chapter.7}% 157
\BOOKMARK [1][-]{section.7.13}{\376\377\0005\000\272\000\040\000A\000n\000o\000\040\000-\000\040\000M\000\352\000s\000\040\0004\000\040\000-\000\040\000A\000u\000l\000a\000-\0001}{chapter.7}% 158
\BOOKMARK [1][-]{section.7.14}{\376\377\0005\000\272\000\040\000A\000n\000o\000\040\000-\000\040\000M\000\352\000s\000\040\0004\000\040\000-\000\040\000A\000u\000l\000a\000-\0002}{chapter.7}% 159
\BOOKMARK [1][-]{section.7.15}{\376\377\0005\000\272\000\040\000A\000n\000o\000\040\000-\000\040\000M\000\352\000s\000\040\0004\000\040\000-\000\040\000A\000u\000l\000a\000-\0003}{chapter.7}% 160
\BOOKMARK [1][-]{section.7.16}{\376\377\0005\000\272\000\040\000A\000n\000o\000\040\000-\000\040\000M\000\352\000s\000\040\0004\000\040\000-\000\040\000A\000u\000l\000a\000-\0004}{chapter.7}% 161
\BOOKMARK [1][-]{section.7.17}{\376\377\0005\000\272\000\040\000A\000n\000o\000\040\000-\000\040\000M\000\352\000s\000\040\0005\000\040\000-\000\040\000A\000u\000l\000a\000-\0001}{chapter.7}% 162
\BOOKMARK [1][-]{section.7.18}{\376\377\0005\000\272\000\040\000A\000n\000o\000\040\000-\000\040\000M\000\352\000s\000\040\0005\000\040\000-\000\040\000A\000u\000l\000a\000-\0002}{chapter.7}% 163
\BOOKMARK [1][-]{section.7.19}{\376\377\0005\000\272\000\040\000A\000n\000o\000\040\000-\000\040\000M\000\352\000s\000\040\0005\000\040\000-\000\040\000A\000u\000l\000a\000-\0003}{chapter.7}% 164
\BOOKMARK [1][-]{section.7.20}{\376\377\0005\000\272\000\040\000A\000n\000o\000\040\000-\000\040\000M\000\352\000s\000\040\0005\000\040\000-\000\040\000A\000u\000l\000a\000-\0004}{chapter.7}% 165
\BOOKMARK [1][-]{section.7.21}{\376\377\0005\000\272\000\040\000A\000n\000o\000\040\000-\000\040\000M\000\352\000s\000\040\0006\000\040\000-\000\040\000A\000u\000l\000a\000-\0001}{chapter.7}% 166
\BOOKMARK [1][-]{section.7.22}{\376\377\0005\000\272\000\040\000A\000n\000o\000\040\000-\000\040\000M\000\352\000s\000\040\0006\000\040\000-\000\040\000A\000u\000l\000a\000-\0002}{chapter.7}% 167
\BOOKMARK [1][-]{section.7.23}{\376\377\0005\000\272\000\040\000A\000n\000o\000\040\000-\000\040\000M\000\352\000s\000\040\0006\000\040\000-\000\040\000A\000u\000l\000a\000-\0003}{chapter.7}% 168
\BOOKMARK [1][-]{section.7.24}{\376\377\0005\000\272\000\040\000A\000n\000o\000\040\000-\000\040\000M\000\352\000s\000\040\0006\000\040\000-\000\040\000A\000u\000l\000a\000-\0004}{chapter.7}% 169
\BOOKMARK [1][-]{section.7.25}{\376\377\0005\000\272\000\040\000A\000n\000o\000\040\000-\000\040\000M\000\352\000s\000\040\0007\000\040\000-\000\040\000A\000u\000l\000a\000-\0001}{chapter.7}% 170
\BOOKMARK [1][-]{section.7.26}{\376\377\0005\000\272\000\040\000A\000n\000o\000\040\000-\000\040\000M\000\352\000s\000\040\0007\000\040\000-\000\040\000A\000u\000l\000a\000-\0002}{chapter.7}% 171
\BOOKMARK [1][-]{section.7.27}{\376\377\0005\000\272\000\040\000A\000n\000o\000\040\000-\000\040\000M\000\352\000s\000\040\0007\000\040\000-\000\040\000A\000u\000l\000a\000-\0003}{chapter.7}% 172
\BOOKMARK [1][-]{section.7.28}{\376\377\0005\000\272\000\040\000A\000n\000o\000\040\000-\000\040\000M\000\352\000s\000\040\0007\000\040\000-\000\040\000A\000u\000l\000a\000-\0004}{chapter.7}% 173
\BOOKMARK [1][-]{section.7.29}{\376\377\0005\000\272\000\040\000A\000n\000o\000\040\000-\000\040\000M\000\352\000s\000\040\0008\000\040\000-\000\040\000A\000u\000l\000a\000-\0001}{chapter.7}% 174
\BOOKMARK [1][-]{section.7.30}{\376\377\0005\000\272\000\040\000A\000n\000o\000\040\000-\000\040\000M\000\352\000s\000\040\0008\000\040\000-\000\040\000A\000u\000l\000a\000-\0002}{chapter.7}% 175
\BOOKMARK [1][-]{section.7.31}{\376\377\0005\000\272\000\040\000A\000n\000o\000\040\000-\000\040\000M\000\352\000s\000\040\0008\000\040\000-\000\040\000A\000u\000l\000a\000-\0003}{chapter.7}% 176
\BOOKMARK [1][-]{section.7.32}{\376\377\0005\000\272\000\040\000A\000n\000o\000\040\000-\000\040\000M\000\352\000s\000\040\0008\000\040\000-\000\040\000A\000u\000l\000a\000-\0004}{chapter.7}% 177
\BOOKMARK [0][-]{chapter.8}{\376\377\000\040\000Q\000u\000e\000r\000i\000d\000a\000\040\000p\000r\000o\000f\000e\000s\000s\000o\000r\000\050\000a\000\051\000\040\000d\000e\000s\000e\000s\000p\000e\000r\000a\000d\000o\000\050\000a\000\051\000.\000.\000.}{}% 178
