This is pdfTeX, Version 3.141592653-2.6-1.40.22 (TeX Live 2022/dev/Debian) (preloaded format=pdflatex 2023.10.30)  6 NOV 2023 07:56
entering extended mode
 restricted \write18 enabled.
 %&-line parsing enabled.
**CARREIRA-PROPRIETARIA.tex
(./CARREIRA-PROPRIETARIA.tex
LaTeX2e <2021-11-15> patch level 1
L3 programming layer <2022-01-21>
Underfull \vbox (badness 10000) has occurred while \output is active []



! LaTeX Error: The font size command \normalsize is not defined:
               there is probably something wrong with the class file.

See the LaTeX manual or LaTeX Companion for explanation.
Type  H <return>  for immediate help.
 ...                                              
                                                  
l.3 
    
Your command was ignored.
Type  I <command> <return>  to replace it with another command,
or  <return>  to continue without it.

[1])
! Emergency stop.
<*> CARREIRA-PROPRIETARIA.tex
                             
*** (job aborted, no legal \end found)

 
Here is how much of TeX's memory you used:
 18 strings out of 478287
 483 string characters out of 5849288
 289007 words of memory out of 5000000
 18314 multiletter control sequences out of 15000+600000
 469259 words of font info for 28 fonts, out of 8000000 for 9000
 1141 hyphenation exceptions out of 8191
 25i,5n,26p,68b,105s stack positions out of 5000i,500n,10000p,200000b,80000s
!  ==> Fatal error occurred, no output PDF file produced!
